{"/home/sushila/projects/authentication-node/src/article/article.acl.js": {"path":"/home/sushila/projects/authentication-node/src/article/article.acl.js","statementMap":{"0":{"start":{"line":1,"column":16},"end":{"line":1,"column":42}},"1":{"start":{"line":2,"column":20},"end":{"line":2,"column":51}},"2":{"start":{"line":3,"column":41},"end":{"line":3,"column":73}},"3":{"start":{"line":5,"column":16},"end":{"line":23,"column":1}},"4":{"start":{"line":6,"column":18},"end":{"line":6,"column":26}},"5":{"start":{"line":7,"column":20},"end":{"line":7,"column":33}},"6":{"start":{"line":8,"column":2},"end":{"line":13,"column":3}},"7":{"start":{"line":9,"column":4},"end":{"line":12,"column":7}},"8":{"start":{"line":15,"column":21},"end":{"line":15,"column":62}},"9":{"start":{"line":16,"column":2},"end":{"line":21,"column":3}},"10":{"start":{"line":17,"column":4},"end":{"line":20,"column":7}},"11":{"start":{"line":22,"column":2},"end":{"line":22,"column":9}},"12":{"start":{"line":25,"column":0},"end":{"line":28,"column":2}}},"fnMap":{"0":{"name":"(anonymous_0)","decl":{"start":{"line":5,"column":16},"end":{"line":5,"column":17}},"loc":{"start":{"line":5,"column":42},"end":{"line":23,"column":1}},"line":5}},"branchMap":{"0":{"loc":{"start":{"line":8,"column":2},"end":{"line":13,"column":3}},"type":"if","locations":[{"start":{"line":8,"column":2},"end":{"line":13,"column":3}},{"start":{"line":8,"column":2},"end":{"line":13,"column":3}}],"line":8},"1":{"loc":{"start":{"line":16,"column":2},"end":{"line":21,"column":3}},"type":"if","locations":[{"start":{"line":16,"column":2},"end":{"line":21,"column":3}},{"start":{"line":16,"column":2},"end":{"line":21,"column":3}}],"line":16}},"s":{"0":3,"1":3,"2":3,"3":3,"4":6,"5":6,"6":6,"7":2,"8":4,"9":4,"10":2,"11":2,"12":3},"f":{"0":6},"b":{"0":[2,4],"1":[2,2]},"_coverageSchema":"1a1c01bbd47fc00a2c39e90264f33305004495a9","hash":"fbf51e7c474cdedd80cafc48f1456840286f608c"}
,"/home/sushila/projects/authentication-node/src/article/article.constraints.js": {"path":"/home/sushila/projects/authentication-node/src/article/article.constraints.js","statementMap":{"0":{"start":{"line":1,"column":29},"end":{"line":12,"column":1}},"1":{"start":{"line":14,"column":0},"end":{"line":14,"column":38}}},"fnMap":{},"branchMap":{},"s":{"0":5,"1":5},"f":{},"b":{},"_coverageSchema":"1a1c01bbd47fc00a2c39e90264f33305004495a9","hash":"4a5a09d598431406d40f73a757d76bed62b1a519"}
,"/home/sushila/projects/authentication-node/src/article/article.controller.js": {"path":"/home/sushila/projects/authentication-node/src/article/article.controller.js","statementMap":{"0":{"start":{"line":1,"column":29},"end":{"line":1,"column":61}},"1":{"start":{"line":2,"column":26},"end":{"line":2,"column":57}},"2":{"start":{"line":3,"column":23},"end":{"line":3,"column":41}},"3":{"start":{"line":5,"column":26},"end":{"line":108,"column":1}},"4":{"start":{"line":7,"column":57},"end":{"line":7,"column":65}},"5":{"start":{"line":8,"column":4},"end":{"line":8,"column":54}},"6":{"start":{"line":9,"column":19},"end":{"line":9,"column":31}},"7":{"start":{"line":11,"column":23},"end":{"line":16,"column":6}},"8":{"start":{"line":18,"column":4},"end":{"line":20,"column":5}},"9":{"start":{"line":19,"column":6},"end":{"line":19,"column":71}},"10":{"start":{"line":22,"column":4},"end":{"line":36,"column":5}},"11":{"start":{"line":23,"column":29},"end":{"line":29,"column":8}},"12":{"start":{"line":30,"column":6},"end":{"line":33,"column":9}},"13":{"start":{"line":35,"column":6},"end":{"line":35,"column":63}},"14":{"start":{"line":40,"column":4},"end":{"line":46,"column":5}},"15":{"start":{"line":41,"column":23},"end":{"line":41,"column":60}},"16":{"start":{"line":43,"column":6},"end":{"line":43,"column":48}},"17":{"start":{"line":45,"column":6},"end":{"line":45,"column":63}},"18":{"start":{"line":50,"column":19},"end":{"line":50,"column":29}},"19":{"start":{"line":51,"column":23},"end":{"line":51,"column":61}},"20":{"start":{"line":53,"column":4},"end":{"line":55,"column":5}},"21":{"start":{"line":54,"column":6},"end":{"line":54,"column":71}},"22":{"start":{"line":56,"column":4},"end":{"line":61,"column":5}},"23":{"start":{"line":57,"column":22},"end":{"line":57,"column":61}},"24":{"start":{"line":58,"column":6},"end":{"line":58,"column":47}},"25":{"start":{"line":60,"column":6},"end":{"line":60,"column":63}},"26":{"start":{"line":65,"column":19},"end":{"line":65,"column":29}},"27":{"start":{"line":66,"column":23},"end":{"line":66,"column":61}},"28":{"start":{"line":68,"column":4},"end":{"line":70,"column":5}},"29":{"start":{"line":69,"column":6},"end":{"line":69,"column":71}},"30":{"start":{"line":71,"column":4},"end":{"line":81,"column":5}},"31":{"start":{"line":72,"column":22},"end":{"line":72,"column":60}},"32":{"start":{"line":73,"column":6},"end":{"line":75,"column":69}},"33":{"start":{"line":77,"column":6},"end":{"line":79,"column":7}},"34":{"start":{"line":78,"column":8},"end":{"line":78,"column":43}},"35":{"start":{"line":80,"column":6},"end":{"line":80,"column":63}},"36":{"start":{"line":85,"column":19},"end":{"line":85,"column":29}},"37":{"start":{"line":86,"column":19},"end":{"line":86,"column":27}},"38":{"start":{"line":87,"column":23},"end":{"line":87,"column":72}},"39":{"start":{"line":89,"column":4},"end":{"line":94,"column":5}},"40":{"start":{"line":90,"column":6},"end":{"line":93,"column":9}},"41":{"start":{"line":96,"column":4},"end":{"line":106,"column":5}},"42":{"start":{"line":97,"column":29},"end":{"line":99,"column":8}},"43":{"start":{"line":101,"column":6},"end":{"line":103,"column":74}},"44":{"start":{"line":105,"column":6},"end":{"line":105,"column":79}},"45":{"start":{"line":110,"column":0},"end":{"line":110,"column":35}}},"fnMap":{"0":{"name":"(anonymous_0)","decl":{"start":{"line":6,"column":17},"end":{"line":6,"column":18}},"loc":{"start":{"line":6,"column":37},"end":{"line":37,"column":3}},"line":6},"1":{"name":"(anonymous_1)","decl":{"start":{"line":39,"column":18},"end":{"line":39,"column":19}},"loc":{"start":{"line":39,"column":38},"end":{"line":47,"column":3}},"line":39},"2":{"name":"(anonymous_2)","decl":{"start":{"line":49,"column":18},"end":{"line":49,"column":19}},"loc":{"start":{"line":49,"column":38},"end":{"line":62,"column":3}},"line":49},"3":{"name":"(anonymous_3)","decl":{"start":{"line":64,"column":17},"end":{"line":64,"column":18}},"loc":{"start":{"line":64,"column":37},"end":{"line":82,"column":3}},"line":64},"4":{"name":"(anonymous_4)","decl":{"start":{"line":84,"column":17},"end":{"line":84,"column":18}},"loc":{"start":{"line":84,"column":37},"end":{"line":107,"column":3}},"line":84}},"branchMap":{"0":{"loc":{"start":{"line":8,"column":18},"end":{"line":8,"column":53}},"type":"binary-expr","locations":[{"start":{"line":8,"column":18},"end":{"line":8,"column":39}},{"start":{"line":8,"column":43},"end":{"line":8,"column":53}}],"line":8},"1":{"loc":{"start":{"line":18,"column":4},"end":{"line":20,"column":5}},"type":"if","locations":[{"start":{"line":18,"column":4},"end":{"line":20,"column":5}},{"start":{"line":18,"column":4},"end":{"line":20,"column":5}}],"line":18},"2":{"loc":{"start":{"line":53,"column":4},"end":{"line":55,"column":5}},"type":"if","locations":[{"start":{"line":53,"column":4},"end":{"line":55,"column":5}},{"start":{"line":53,"column":4},"end":{"line":55,"column":5}}],"line":53},"3":{"loc":{"start":{"line":68,"column":4},"end":{"line":70,"column":5}},"type":"if","locations":[{"start":{"line":68,"column":4},"end":{"line":70,"column":5}},{"start":{"line":68,"column":4},"end":{"line":70,"column":5}}],"line":68},"4":{"loc":{"start":{"line":77,"column":6},"end":{"line":79,"column":7}},"type":"if","locations":[{"start":{"line":77,"column":6},"end":{"line":79,"column":7}},{"start":{"line":77,"column":6},"end":{"line":79,"column":7}}],"line":77},"5":{"loc":{"start":{"line":89,"column":4},"end":{"line":94,"column":5}},"type":"if","locations":[{"start":{"line":89,"column":4},"end":{"line":94,"column":5}},{"start":{"line":89,"column":4},"end":{"line":94,"column":5}}],"line":89}},"s":{"0":3,"1":3,"2":3,"3":3,"4":2,"5":2,"6":2,"7":2,"8":2,"9":1,"10":1,"11":1,"12":1,"13":0,"14":2,"15":2,"16":2,"17":0,"18":3,"19":3,"20":3,"21":1,"22":2,"23":2,"24":2,"25":0,"26":1,"27":1,"28":1,"29":0,"30":1,"31":1,"32":1,"33":0,"34":0,"35":0,"36":1,"37":1,"38":1,"39":1,"40":0,"41":1,"42":1,"43":1,"44":0,"45":3},"f":{"0":2,"1":2,"2":3,"3":1,"4":1},"b":{"0":[2,0],"1":[1,1],"2":[1,2],"3":[0,1],"4":[0,0],"5":[0,1]},"_coverageSchema":"1a1c01bbd47fc00a2c39e90264f33305004495a9","hash":"31f1be963ae7450d42515917c11a314d6e55676d"}
,"/home/sushila/projects/authentication-node/src/article/article.model.js": {"path":"/home/sushila/projects/authentication-node/src/article/article.model.js","statementMap":{"0":{"start":{"line":1,"column":17},"end":{"line":1,"column":36}},"1":{"start":{"line":2,"column":19},"end":{"line":2,"column":27}},"2":{"start":{"line":3,"column":29},"end":{"line":3,"column":61}},"3":{"start":{"line":5,"column":22},"end":{"line":29,"column":2}},"4":{"start":{"line":31,"column":16},"end":{"line":31,"column":56}},"5":{"start":{"line":33,"column":0},"end":{"line":33,"column":25}}},"fnMap":{},"branchMap":{},"s":{"0":3,"1":3,"2":3,"3":3,"4":3,"5":3},"f":{},"b":{},"_coverageSchema":"1a1c01bbd47fc00a2c39e90264f33305004495a9","hash":"01a1284ff1f7bf3378e893b28148be387a853cd2"}
,"/home/sushila/projects/authentication-node/src/article/article.route.js": {"path":"/home/sushila/projects/authentication-node/src/article/article.route.js","statementMap":{"0":{"start":{"line":1,"column":22},"end":{"line":1,"column":49}},"1":{"start":{"line":2,"column":26},"end":{"line":2,"column":57}},"2":{"start":{"line":3,"column":27},"end":{"line":3,"column":52}},"3":{"start":{"line":4,"column":19},"end":{"line":4,"column":43}},"4":{"start":{"line":5,"column":0},"end":{"line":9,"column":2}},"5":{"start":{"line":11,"column":0},"end":{"line":11,"column":57}},"6":{"start":{"line":13,"column":0},"end":{"line":13,"column":60}},"7":{"start":{"line":15,"column":0},"end":{"line":20,"column":2}},"8":{"start":{"line":22,"column":0},"end":{"line":27,"column":2}},"9":{"start":{"line":29,"column":0},"end":{"line":29,"column":31}}},"fnMap":{},"branchMap":{},"s":{"0":3,"1":3,"2":3,"3":3,"4":3,"5":3,"6":3,"7":3,"8":3,"9":3},"f":{},"b":{},"_coverageSchema":"1a1c01bbd47fc00a2c39e90264f33305004495a9","hash":"1ba303a16d507e6f1866d30ac30622439f232fc6"}
,"/home/sushila/projects/authentication-node/src/article/article.service.js": {"path":"/home/sushila/projects/authentication-node/src/article/article.service.js","statementMap":{"0":{"start":{"line":1,"column":26},"end":{"line":1,"column":58}},"1":{"start":{"line":5,"column":4},"end":{"line":5,"column":27}},"2":{"start":{"line":9,"column":4},"end":{"line":14,"column":5}},"3":{"start":{"line":10,"column":27},"end":{"line":10,"column":68}},"4":{"start":{"line":11,"column":6},"end":{"line":11,"column":28}},"5":{"start":{"line":13,"column":6},"end":{"line":13,"column":18}},"6":{"start":{"line":18,"column":4},"end":{"line":23,"column":5}},"7":{"start":{"line":19,"column":21},"end":{"line":19,"column":48}},"8":{"start":{"line":20,"column":6},"end":{"line":20,"column":22}},"9":{"start":{"line":22,"column":6},"end":{"line":22,"column":18}},"10":{"start":{"line":27,"column":4},"end":{"line":32,"column":5}},"11":{"start":{"line":28,"column":20},"end":{"line":28,"column":59}},"12":{"start":{"line":29,"column":6},"end":{"line":29,"column":21}},"13":{"start":{"line":31,"column":6},"end":{"line":31,"column":18}},"14":{"start":{"line":36,"column":4},"end":{"line":47,"column":5}},"15":{"start":{"line":37,"column":20},"end":{"line":37,"column":68}},"16":{"start":{"line":38,"column":6},"end":{"line":43,"column":7}},"17":{"start":{"line":39,"column":20},"end":{"line":39,"column":31}},"18":{"start":{"line":40,"column":8},"end":{"line":40,"column":39}},"19":{"start":{"line":41,"column":8},"end":{"line":41,"column":69}},"20":{"start":{"line":42,"column":8},"end":{"line":42,"column":20}},"21":{"start":{"line":44,"column":6},"end":{"line":44,"column":21}},"22":{"start":{"line":46,"column":6},"end":{"line":46,"column":18}},"23":{"start":{"line":51,"column":4},"end":{"line":57,"column":5}},"24":{"start":{"line":52,"column":6},"end":{"line":52,"column":61}},"25":{"start":{"line":53,"column":29},"end":{"line":53,"column":62}},"26":{"start":{"line":54,"column":6},"end":{"line":54,"column":28}},"27":{"start":{"line":56,"column":6},"end":{"line":56,"column":18}},"28":{"start":{"line":61,"column":0},"end":{"line":61,"column":32}}},"fnMap":{"0":{"name":"(anonymous_0)","decl":{"start":{"line":4,"column":2},"end":{"line":4,"column":3}},"loc":{"start":{"line":4,"column":23},"end":{"line":6,"column":3}},"line":4},"1":{"name":"(anonymous_1)","decl":{"start":{"line":8,"column":2},"end":{"line":8,"column":3}},"loc":{"start":{"line":8,"column":31},"end":{"line":15,"column":3}},"line":8},"2":{"name":"(anonymous_2)","decl":{"start":{"line":17,"column":2},"end":{"line":17,"column":3}},"loc":{"start":{"line":17,"column":25},"end":{"line":24,"column":3}},"line":17},"3":{"name":"(anonymous_3)","decl":{"start":{"line":26,"column":2},"end":{"line":26,"column":3}},"loc":{"start":{"line":26,"column":27},"end":{"line":33,"column":3}},"line":26},"4":{"name":"(anonymous_4)","decl":{"start":{"line":35,"column":2},"end":{"line":35,"column":3}},"loc":{"start":{"line":35,"column":26},"end":{"line":48,"column":3}},"line":35},"5":{"name":"(anonymous_5)","decl":{"start":{"line":50,"column":2},"end":{"line":50,"column":3}},"loc":{"start":{"line":50,"column":32},"end":{"line":58,"column":3}},"line":50}},"branchMap":{"0":{"loc":{"start":{"line":38,"column":6},"end":{"line":43,"column":7}},"type":"if","locations":[{"start":{"line":38,"column":6},"end":{"line":43,"column":7}},{"start":{"line":38,"column":6},"end":{"line":43,"column":7}}],"line":38}},"s":{"0":4,"1":12,"2":2,"3":2,"4":2,"5":0,"6":4,"7":4,"8":4,"9":0,"10":4,"11":4,"12":4,"13":0,"14":3,"15":3,"16":3,"17":1,"18":1,"19":1,"20":1,"21":2,"22":1,"23":3,"24":3,"25":3,"26":3,"27":0,"28":4},"f":{"0":12,"1":2,"2":4,"3":4,"4":3,"5":3},"b":{"0":[1,2]},"_coverageSchema":"1a1c01bbd47fc00a2c39e90264f33305004495a9","hash":"bde572373b0db6cb062de7f238667056cb778d43"}
,"/home/sushila/projects/authentication-node/src/article/article.validation.js": {"path":"/home/sushila/projects/authentication-node/src/article/article.validation.js","statementMap":{"0":{"start":{"line":1,"column":29},"end":{"line":1,"column":61}},"1":{"start":{"line":2,"column":24},"end":{"line":2,"column":55}},"2":{"start":{"line":4,"column":26},"end":{"line":100,"column":1}},"3":{"start":{"line":6,"column":17},"end":{"line":6,"column":19}},"4":{"start":{"line":8,"column":4},"end":{"line":13,"column":5}},"5":{"start":{"line":9,"column":20},"end":{"line":11,"column":7}},"6":{"start":{"line":12,"column":6},"end":{"line":12,"column":34}},"7":{"start":{"line":15,"column":4},"end":{"line":20,"column":5}},"8":{"start":{"line":16,"column":20},"end":{"line":18,"column":7}},"9":{"start":{"line":19,"column":6},"end":{"line":19,"column":34}},"10":{"start":{"line":21,"column":4},"end":{"line":26,"column":5}},"11":{"start":{"line":22,"column":20},"end":{"line":24,"column":7}},"12":{"start":{"line":25,"column":6},"end":{"line":25,"column":34}},"13":{"start":{"line":28,"column":4},"end":{"line":33,"column":5}},"14":{"start":{"line":29,"column":20},"end":{"line":31,"column":7}},"15":{"start":{"line":32,"column":6},"end":{"line":32,"column":34}},"16":{"start":{"line":35,"column":4},"end":{"line":40,"column":5}},"17":{"start":{"line":36,"column":20},"end":{"line":38,"column":7}},"18":{"start":{"line":39,"column":6},"end":{"line":39,"column":34}},"19":{"start":{"line":42,"column":4},"end":{"line":42,"column":22}},"20":{"start":{"line":46,"column":17},"end":{"line":46,"column":19}},"21":{"start":{"line":48,"column":4},"end":{"line":53,"column":5}},"22":{"start":{"line":49,"column":20},"end":{"line":51,"column":7}},"23":{"start":{"line":52,"column":6},"end":{"line":52,"column":34}},"24":{"start":{"line":55,"column":4},"end":{"line":60,"column":5}},"25":{"start":{"line":56,"column":20},"end":{"line":58,"column":7}},"26":{"start":{"line":59,"column":6},"end":{"line":59,"column":34}},"27":{"start":{"line":62,"column":4},"end":{"line":62,"column":22}},"28":{"start":{"line":66,"column":17},"end":{"line":66,"column":19}},"29":{"start":{"line":67,"column":4},"end":{"line":72,"column":5}},"30":{"start":{"line":68,"column":20},"end":{"line":70,"column":7}},"31":{"start":{"line":71,"column":6},"end":{"line":71,"column":34}},"32":{"start":{"line":74,"column":4},"end":{"line":96,"column":5}},"33":{"start":{"line":75,"column":6},"end":{"line":79,"column":7}},"34":{"start":{"line":76,"column":20},"end":{"line":76,"column":31}},"35":{"start":{"line":77,"column":8},"end":{"line":77,"column":47}},"36":{"start":{"line":78,"column":8},"end":{"line":78,"column":36}},"37":{"start":{"line":81,"column":6},"end":{"line":87,"column":7}},"38":{"start":{"line":82,"column":8},"end":{"line":86,"column":9}},"39":{"start":{"line":83,"column":22},"end":{"line":83,"column":33}},"40":{"start":{"line":84,"column":10},"end":{"line":84,"column":64}},"41":{"start":{"line":85,"column":10},"end":{"line":85,"column":38}},"42":{"start":{"line":89,"column":6},"end":{"line":95,"column":7}},"43":{"start":{"line":90,"column":8},"end":{"line":94,"column":9}},"44":{"start":{"line":91,"column":22},"end":{"line":91,"column":33}},"45":{"start":{"line":92,"column":10},"end":{"line":92,"column":62}},"46":{"start":{"line":93,"column":10},"end":{"line":93,"column":38}},"47":{"start":{"line":98,"column":4},"end":{"line":98,"column":22}},"48":{"start":{"line":102,"column":0},"end":{"line":102,"column":35}}},"fnMap":{"0":{"name":"(anonymous_0)","decl":{"start":{"line":5,"column":17},"end":{"line":5,"column":18}},"loc":{"start":{"line":5,"column":69},"end":{"line":43,"column":3}},"line":5},"1":{"name":"(anonymous_1)","decl":{"start":{"line":45,"column":14},"end":{"line":45,"column":15}},"loc":{"start":{"line":45,"column":22},"end":{"line":63,"column":3}},"line":45},"2":{"name":"(anonymous_2)","decl":{"start":{"line":65,"column":17},"end":{"line":65,"column":18}},"loc":{"start":{"line":65,"column":33},"end":{"line":99,"column":3}},"line":65}},"branchMap":{"0":{"loc":{"start":{"line":8,"column":4},"end":{"line":13,"column":5}},"type":"if","locations":[{"start":{"line":8,"column":4},"end":{"line":13,"column":5}},{"start":{"line":8,"column":4},"end":{"line":13,"column":5}}],"line":8},"1":{"loc":{"start":{"line":15,"column":4},"end":{"line":20,"column":5}},"type":"if","locations":[{"start":{"line":15,"column":4},"end":{"line":20,"column":5}},{"start":{"line":15,"column":4},"end":{"line":20,"column":5}}],"line":15},"2":{"loc":{"start":{"line":21,"column":4},"end":{"line":26,"column":5}},"type":"if","locations":[{"start":{"line":21,"column":4},"end":{"line":26,"column":5}},{"start":{"line":21,"column":4},"end":{"line":26,"column":5}}],"line":21},"3":{"loc":{"start":{"line":28,"column":4},"end":{"line":33,"column":5}},"type":"if","locations":[{"start":{"line":28,"column":4},"end":{"line":33,"column":5}},{"start":{"line":28,"column":4},"end":{"line":33,"column":5}}],"line":28},"4":{"loc":{"start":{"line":35,"column":4},"end":{"line":40,"column":5}},"type":"if","locations":[{"start":{"line":35,"column":4},"end":{"line":40,"column":5}},{"start":{"line":35,"column":4},"end":{"line":40,"column":5}}],"line":35},"5":{"loc":{"start":{"line":48,"column":4},"end":{"line":53,"column":5}},"type":"if","locations":[{"start":{"line":48,"column":4},"end":{"line":53,"column":5}},{"start":{"line":48,"column":4},"end":{"line":53,"column":5}}],"line":48},"6":{"loc":{"start":{"line":55,"column":4},"end":{"line":60,"column":5}},"type":"if","locations":[{"start":{"line":55,"column":4},"end":{"line":60,"column":5}},{"start":{"line":55,"column":4},"end":{"line":60,"column":5}}],"line":55},"7":{"loc":{"start":{"line":67,"column":4},"end":{"line":72,"column":5}},"type":"if","locations":[{"start":{"line":67,"column":4},"end":{"line":72,"column":5}},{"start":{"line":67,"column":4},"end":{"line":72,"column":5}}],"line":67},"8":{"loc":{"start":{"line":75,"column":6},"end":{"line":79,"column":7}},"type":"if","locations":[{"start":{"line":75,"column":6},"end":{"line":79,"column":7}},{"start":{"line":75,"column":6},"end":{"line":79,"column":7}}],"line":75},"9":{"loc":{"start":{"line":81,"column":6},"end":{"line":87,"column":7}},"type":"if","locations":[{"start":{"line":81,"column":6},"end":{"line":87,"column":7}},{"start":{"line":81,"column":6},"end":{"line":87,"column":7}}],"line":81},"10":{"loc":{"start":{"line":82,"column":8},"end":{"line":86,"column":9}},"type":"if","locations":[{"start":{"line":82,"column":8},"end":{"line":86,"column":9}},{"start":{"line":82,"column":8},"end":{"line":86,"column":9}}],"line":82},"11":{"loc":{"start":{"line":89,"column":6},"end":{"line":95,"column":7}},"type":"if","locations":[{"start":{"line":89,"column":6},"end":{"line":95,"column":7}},{"start":{"line":89,"column":6},"end":{"line":95,"column":7}}],"line":89},"12":{"loc":{"start":{"line":90,"column":8},"end":{"line":94,"column":9}},"type":"if","locations":[{"start":{"line":90,"column":8},"end":{"line":94,"column":9}},{"start":{"line":90,"column":8},"end":{"line":94,"column":9}}],"line":90}},"s":{"0":4,"1":4,"2":4,"3":8,"4":8,"5":3,"6":3,"7":8,"8":3,"9":3,"10":8,"11":3,"12":3,"13":8,"14":2,"15":2,"16":8,"17":3,"18":3,"19":8,"20":7,"21":7,"22":1,"23":1,"24":7,"25":3,"26":3,"27":7,"28":8,"29":8,"30":1,"31":1,"32":8,"33":34,"34":5,"35":5,"36":5,"37":34,"38":6,"39":1,"40":1,"41":1,"42":34,"43":6,"44":1,"45":1,"46":1,"47":8,"48":4},"f":{"0":8,"1":7,"2":8},"b":{"0":[3,5],"1":[3,5],"2":[3,5],"3":[2,6],"4":[3,5],"5":[1,6],"6":[3,4],"7":[1,7],"8":[5,29],"9":[6,28],"10":[1,5],"11":[6,28],"12":[1,5]},"_coverageSchema":"1a1c01bbd47fc00a2c39e90264f33305004495a9","hash":"bca7f674dcd033f6b225d56aa4395b60a55b134e"}
,"/home/sushila/projects/authentication-node/src/article/index.js": {"path":"/home/sushila/projects/authentication-node/src/article/index.js","statementMap":{"0":{"start":{"line":1,"column":16},"end":{"line":1,"column":42}},"1":{"start":{"line":2,"column":23},"end":{"line":2,"column":51}},"2":{"start":{"line":4,"column":0},"end":{"line":4,"column":45}}},"fnMap":{},"branchMap":{},"s":{"0":3,"1":3,"2":3},"f":{},"b":{},"_coverageSchema":"1a1c01bbd47fc00a2c39e90264f33305004495a9","hash":"501ef2c0a103bcdbc26b180c5c283328d51d4e55"}
,"/home/sushila/projects/authentication-node/src/config/app.config.js": {"path":"/home/sushila/projects/authentication-node/src/config/app.config.js","statementMap":{"0":{"start":{"line":1,"column":16},"end":{"line":1,"column":34}},"1":{"start":{"line":2,"column":15},"end":{"line":2,"column":35}},"2":{"start":{"line":3,"column":19},"end":{"line":3,"column":41}},"3":{"start":{"line":4,"column":13},"end":{"line":4,"column":28}},"4":{"start":{"line":6,"column":12},"end":{"line":6,"column":21}},"5":{"start":{"line":8,"column":0},"end":{"line":8,"column":16}},"6":{"start":{"line":10,"column":0},"end":{"line":10,"column":52}},"7":{"start":{"line":12,"column":0},"end":{"line":12,"column":27}},"8":{"start":{"line":14,"column":0},"end":{"line":14,"column":24}},"9":{"start":{"line":16,"column":0},"end":{"line":20,"column":3}},"10":{"start":{"line":17,"column":14},"end":{"line":17,"column":42}},"11":{"start":{"line":18,"column":2},"end":{"line":18,"column":21}},"12":{"start":{"line":19,"column":2},"end":{"line":19,"column":14}},"13":{"start":{"line":22,"column":0},"end":{"line":29,"column":3}},"14":{"start":{"line":23,"column":2},"end":{"line":25,"column":3}},"15":{"start":{"line":24,"column":4},"end":{"line":24,"column":69}},"16":{"start":{"line":26,"column":2},"end":{"line":28,"column":5}},"17":{"start":{"line":31,"column":0},"end":{"line":31,"column":21}}},"fnMap":{"0":{"name":"(anonymous_0)","decl":{"start":{"line":16,"column":8},"end":{"line":16,"column":9}},"loc":{"start":{"line":16,"column":28},"end":{"line":20,"column":1}},"line":16},"1":{"name":"(anonymous_1)","decl":{"start":{"line":22,"column":8},"end":{"line":22,"column":9}},"loc":{"start":{"line":22,"column":35},"end":{"line":29,"column":1}},"line":22}},"branchMap":{"0":{"loc":{"start":{"line":23,"column":2},"end":{"line":25,"column":3}},"type":"if","locations":[{"start":{"line":23,"column":2},"end":{"line":25,"column":3}},{"start":{"line":23,"column":2},"end":{"line":25,"column":3}}],"line":23},"1":{"loc":{"start":{"line":26,"column":20},"end":{"line":26,"column":39}},"type":"binary-expr","locations":[{"start":{"line":26,"column":20},"end":{"line":26,"column":32}},{"start":{"line":26,"column":36},"end":{"line":26,"column":39}}],"line":26},"2":{"loc":{"start":{"line":27,"column":13},"end":{"line":27,"column":44}},"type":"binary-expr","locations":[{"start":{"line":27,"column":13},"end":{"line":27,"column":26}},{"start":{"line":27,"column":30},"end":{"line":27,"column":44}}],"line":27}},"s":{"0":3,"1":3,"2":3,"3":3,"4":3,"5":3,"6":3,"7":3,"8":3,"9":3,"10":1,"11":1,"12":1,"13":3,"14":1,"15":1,"16":0,"17":3},"f":{"0":1,"1":1},"b":{"0":[1,0],"1":[0,0],"2":[0,0]},"_coverageSchema":"1a1c01bbd47fc00a2c39e90264f33305004495a9","hash":"54728f35422d2ee8bbc72b6f85487b43267b1228"}
,"/home/sushila/projects/authentication-node/src/config/db.config.js": {"path":"/home/sushila/projects/authentication-node/src/config/db.config.js","statementMap":{"0":{"start":{"line":1,"column":17},"end":{"line":1,"column":36}},"1":{"start":{"line":3,"column":20},"end":{"line":10,"column":1}},"2":{"start":{"line":4,"column":2},"end":{"line":9,"column":5}},"3":{"start":{"line":12,"column":0},"end":{"line":12,"column":33}}},"fnMap":{"0":{"name":"(anonymous_0)","decl":{"start":{"line":3,"column":20},"end":{"line":3,"column":21}},"loc":{"start":{"line":3,"column":35},"end":{"line":10,"column":1}},"line":3}},"branchMap":{},"s":{"0":3,"1":3,"2":3,"3":3},"f":{"0":3},"b":{},"_coverageSchema":"1a1c01bbd47fc00a2c39e90264f33305004495a9","hash":"9b062c169bc932d0f5edca3a46d7f175e9e41155"}
,"/home/sushila/projects/authentication-node/src/config/envVars.config.js": {"path":"/home/sushila/projects/authentication-node/src/config/envVars.config.js","statementMap":{"0":{"start":{"line":1,"column":0},"end":{"line":1,"column":27}},"1":{"start":{"line":3,"column":15},"end":{"line":14,"column":1}},"2":{"start":{"line":16,"column":0},"end":{"line":16,"column":24}}},"fnMap":{},"branchMap":{},"s":{"0":4,"1":4,"2":4},"f":{},"b":{},"_coverageSchema":"1a1c01bbd47fc00a2c39e90264f33305004495a9","hash":"90955aef5c9987acf3342b0c0f1bac0b3af7a941"}
,"/home/sushila/projects/authentication-node/src/middlewares/index.js": {"path":"/home/sushila/projects/authentication-node/src/middlewares/index.js","statementMap":{"0":{"start":{"line":1,"column":23},"end":{"line":1,"column":56}},"1":{"start":{"line":3,"column":0},"end":{"line":5,"column":2}}},"fnMap":{},"branchMap":{},"s":{"0":3,"1":3},"f":{},"b":{},"_coverageSchema":"1a1c01bbd47fc00a2c39e90264f33305004495a9","hash":"14d6f9d34cd0a55fd09098ddb4bd65fd082165ba"}
,"/home/sushila/projects/authentication-node/src/middlewares/auth/auth.middleware.js": {"path":"/home/sushila/projects/authentication-node/src/middlewares/auth/auth.middleware.js","statementMap":{"0":{"start":{"line":1,"column":23},"end":{"line":1,"column":51}},"1":{"start":{"line":2,"column":13},"end":{"line":2,"column":45}},"2":{"start":{"line":4,"column":23},"end":{"line":30,"column":1}},"3":{"start":{"line":6,"column":4},"end":{"line":28,"column":5}},"4":{"start":{"line":7,"column":20},"end":{"line":7,"column":59}},"5":{"start":{"line":8,"column":21},"end":{"line":8,"column":56}},"6":{"start":{"line":9,"column":19},"end":{"line":9,"column":50}},"7":{"start":{"line":10,"column":6},"end":{"line":15,"column":7}},"8":{"start":{"line":11,"column":8},"end":{"line":14,"column":11}},"9":{"start":{"line":16,"column":6},"end":{"line":16,"column":22}},"10":{"start":{"line":17,"column":6},"end":{"line":17,"column":13}},"11":{"start":{"line":19,"column":6},"end":{"line":23,"column":7}},"12":{"start":{"line":20,"column":8},"end":{"line":22,"column":75}},"13":{"start":{"line":24,"column":6},"end":{"line":27,"column":9}},"14":{"start":{"line":32,"column":0},"end":{"line":32,"column":32}}},"fnMap":{"0":{"name":"(anonymous_0)","decl":{"start":{"line":5,"column":13},"end":{"line":5,"column":14}},"loc":{"start":{"line":5,"column":39},"end":{"line":29,"column":3}},"line":5}},"branchMap":{"0":{"loc":{"start":{"line":10,"column":6},"end":{"line":15,"column":7}},"type":"if","locations":[{"start":{"line":10,"column":6},"end":{"line":15,"column":7}},{"start":{"line":10,"column":6},"end":{"line":15,"column":7}}],"line":10},"1":{"loc":{"start":{"line":19,"column":6},"end":{"line":23,"column":7}},"type":"if","locations":[{"start":{"line":19,"column":6},"end":{"line":23,"column":7}},{"start":{"line":19,"column":6},"end":{"line":23,"column":7}}],"line":19}},"s":{"0":3,"1":3,"2":3,"3":14,"4":14,"5":12,"6":9,"7":9,"8":0,"9":9,"10":9,"11":5,"12":1,"13":4,"14":3},"f":{"0":14},"b":{"0":[0,9],"1":[1,4]},"_coverageSchema":"1a1c01bbd47fc00a2c39e90264f33305004495a9","hash":"adad88779ffd77d45c16d6c06c6b1b1f03a9b54b"}
,"/home/sushila/projects/authentication-node/src/routes/index.js": {"path":"/home/sushila/projects/authentication-node/src/routes/index.js","statementMap":{"0":{"start":{"line":1,"column":16},"end":{"line":1,"column":34}},"1":{"start":{"line":2,"column":19},"end":{"line":2,"column":48}},"2":{"start":{"line":3,"column":22},"end":{"line":3,"column":57}},"3":{"start":{"line":4,"column":15},"end":{"line":4,"column":31}},"4":{"start":{"line":6,"column":0},"end":{"line":8,"column":3}},"5":{"start":{"line":7,"column":2},"end":{"line":7,"column":71}},"6":{"start":{"line":10,"column":0},"end":{"line":10,"column":32}},"7":{"start":{"line":12,"column":0},"end":{"line":12,"column":38}},"8":{"start":{"line":14,"column":0},"end":{"line":14,"column":24}}},"fnMap":{"0":{"name":"(anonymous_0)","decl":{"start":{"line":6,"column":27},"end":{"line":6,"column":28}},"loc":{"start":{"line":6,"column":41},"end":{"line":8,"column":1}},"line":6}},"branchMap":{},"s":{"0":3,"1":3,"2":3,"3":3,"4":3,"5":1,"6":3,"7":3,"8":3},"f":{"0":1},"b":{},"_coverageSchema":"1a1c01bbd47fc00a2c39e90264f33305004495a9","hash":"de7243d84f064a665c80d003beea4ed5e016db00"}
,"/home/sushila/projects/authentication-node/src/user/index.js": {"path":"/home/sushila/projects/authentication-node/src/user/index.js","statementMap":{"0":{"start":{"line":1,"column":13},"end":{"line":1,"column":36}},"1":{"start":{"line":2,"column":20},"end":{"line":2,"column":45}},"2":{"start":{"line":3,"column":18},"end":{"line":3,"column":41}},"3":{"start":{"line":4,"column":23},"end":{"line":4,"column":48}},"4":{"start":{"line":6,"column":0},"end":{"line":6,"column":62}}},"fnMap":{},"branchMap":{},"s":{"0":3,"1":3,"2":3,"3":3,"4":3},"f":{},"b":{},"_coverageSchema":"1a1c01bbd47fc00a2c39e90264f33305004495a9","hash":"718bc17c823a98627952078b56fa0128a718afda"}
,"/home/sushila/projects/authentication-node/src/user/user.constraints.js": {"path":"/home/sushila/projects/authentication-node/src/user/user.constraints.js","statementMap":{"0":{"start":{"line":1,"column":26},"end":{"line":10,"column":1}},"1":{"start":{"line":12,"column":0},"end":{"line":12,"column":39}}},"fnMap":{},"branchMap":{},"s":{"0":5,"1":5},"f":{},"b":{},"_coverageSchema":"1a1c01bbd47fc00a2c39e90264f33305004495a9","hash":"38092784ba4b192e34f253953dcde334a35a5efe"}
,"/home/sushila/projects/authentication-node/src/user/user.controller.js": {"path":"/home/sushila/projects/authentication-node/src/user/user.controller.js","statementMap":{"0":{"start":{"line":6,"column":4},"end":{"line":6,"column":32}},"1":{"start":{"line":7,"column":20},"end":{"line":7,"column":38}},"2":{"start":{"line":8,"column":13},"end":{"line":8,"column":36}},"3":{"start":{"line":9,"column":18},"end":{"line":9,"column":41}},"4":{"start":{"line":10,"column":23},"end":{"line":10,"column":54}},"5":{"start":{"line":11,"column":30},"end":{"line":11,"column":59}},"6":{"start":{"line":12,"column":13},"end":{"line":12,"column":28}},"7":{"start":{"line":13,"column":15},"end":{"line":13,"column":41}},"8":{"start":{"line":15,"column":23},"end":{"line":144,"column":1}},"9":{"start":{"line":17,"column":21},"end":{"line":17,"column":24}},"10":{"start":{"line":18,"column":4},"end":{"line":20,"column":7}},"11":{"start":{"line":23,"column":4},"end":{"line":28,"column":5}},"12":{"start":{"line":24,"column":20},"end":{"line":24,"column":51}},"13":{"start":{"line":25,"column":6},"end":{"line":25,"column":45}},"14":{"start":{"line":27,"column":6},"end":{"line":27,"column":63}},"15":{"start":{"line":31,"column":65},"end":{"line":31,"column":73}},"16":{"start":{"line":32,"column":23},"end":{"line":32,"column":66}},"17":{"start":{"line":33,"column":4},"end":{"line":38,"column":5}},"18":{"start":{"line":34,"column":6},"end":{"line":37,"column":9}},"19":{"start":{"line":39,"column":4},"end":{"line":61,"column":5}},"20":{"start":{"line":40,"column":24},"end":{"line":40,"column":69}},"21":{"start":{"line":41,"column":27},"end":{"line":45,"column":7}},"22":{"start":{"line":47,"column":6},"end":{"line":47,"column":37}},"23":{"start":{"line":49,"column":6},"end":{"line":52,"column":9}},"24":{"start":{"line":54,"column":6},"end":{"line":59,"column":7}},"25":{"start":{"line":55,"column":8},"end":{"line":58,"column":11}},"26":{"start":{"line":60,"column":6},"end":{"line":60,"column":63}},"27":{"start":{"line":65,"column":32},"end":{"line":65,"column":40}},"28":{"start":{"line":66,"column":23},"end":{"line":66,"column":59}},"29":{"start":{"line":67,"column":4},"end":{"line":69,"column":5}},"30":{"start":{"line":68,"column":6},"end":{"line":68,"column":71}},"31":{"start":{"line":70,"column":4},"end":{"line":78,"column":5}},"32":{"start":{"line":71,"column":30},"end":{"line":71,"column":78}},"33":{"start":{"line":72,"column":6},"end":{"line":72,"column":51}},"34":{"start":{"line":74,"column":6},"end":{"line":76,"column":7}},"35":{"start":{"line":75,"column":8},"end":{"line":75,"column":68}},"36":{"start":{"line":77,"column":6},"end":{"line":77,"column":63}},"37":{"start":{"line":82,"column":22},"end":{"line":82,"column":30}},"38":{"start":{"line":83,"column":23},"end":{"line":83,"column":54}},"39":{"start":{"line":85,"column":4},"end":{"line":90,"column":5}},"40":{"start":{"line":86,"column":6},"end":{"line":89,"column":9}},"41":{"start":{"line":92,"column":4},"end":{"line":112,"column":5}},"42":{"start":{"line":93,"column":19},"end":{"line":93,"column":58}},"43":{"start":{"line":94,"column":27},"end":{"line":98,"column":7}},"44":{"start":{"line":100,"column":6},"end":{"line":100,"column":37}},"45":{"start":{"line":102,"column":6},"end":{"line":104,"column":63}},"46":{"start":{"line":106,"column":6},"end":{"line":110,"column":7}},"47":{"start":{"line":107,"column":8},"end":{"line":109,"column":67}},"48":{"start":{"line":111,"column":6},"end":{"line":111,"column":63}},"49":{"start":{"line":116,"column":52},"end":{"line":116,"column":60}},"50":{"start":{"line":117,"column":23},"end":{"line":120,"column":6}},"51":{"start":{"line":122,"column":4},"end":{"line":127,"column":5}},"52":{"start":{"line":123,"column":6},"end":{"line":126,"column":9}},"53":{"start":{"line":129,"column":4},"end":{"line":142,"column":5}},"54":{"start":{"line":130,"column":19},"end":{"line":130,"column":74}},"55":{"start":{"line":132,"column":6},"end":{"line":134,"column":61}},"56":{"start":{"line":136,"column":6},"end":{"line":140,"column":7}},"57":{"start":{"line":137,"column":8},"end":{"line":139,"column":67}},"58":{"start":{"line":141,"column":6},"end":{"line":141,"column":63}},"59":{"start":{"line":146,"column":0},"end":{"line":146,"column":32}}},"fnMap":{"0":{"name":"(anonymous_0)","decl":{"start":{"line":16,"column":6},"end":{"line":16,"column":7}},"loc":{"start":{"line":16,"column":26},"end":{"line":21,"column":3}},"line":16},"1":{"name":"(anonymous_1)","decl":{"start":{"line":22,"column":15},"end":{"line":22,"column":16}},"loc":{"start":{"line":22,"column":35},"end":{"line":29,"column":3}},"line":22},"2":{"name":"(anonymous_2)","decl":{"start":{"line":30,"column":12},"end":{"line":30,"column":13}},"loc":{"start":{"line":30,"column":32},"end":{"line":62,"column":3}},"line":30},"3":{"name":"(anonymous_3)","decl":{"start":{"line":64,"column":9},"end":{"line":64,"column":10}},"loc":{"start":{"line":64,"column":29},"end":{"line":79,"column":3}},"line":64},"4":{"name":"(anonymous_4)","decl":{"start":{"line":81,"column":18},"end":{"line":81,"column":19}},"loc":{"start":{"line":81,"column":38},"end":{"line":113,"column":3}},"line":81},"5":{"name":"(anonymous_5)","decl":{"start":{"line":115,"column":17},"end":{"line":115,"column":18}},"loc":{"start":{"line":115,"column":37},"end":{"line":143,"column":3}},"line":115}},"branchMap":{"0":{"loc":{"start":{"line":33,"column":4},"end":{"line":38,"column":5}},"type":"if","locations":[{"start":{"line":33,"column":4},"end":{"line":38,"column":5}},{"start":{"line":33,"column":4},"end":{"line":38,"column":5}}],"line":33},"1":{"loc":{"start":{"line":54,"column":6},"end":{"line":59,"column":7}},"type":"if","locations":[{"start":{"line":54,"column":6},"end":{"line":59,"column":7}},{"start":{"line":54,"column":6},"end":{"line":59,"column":7}}],"line":54},"2":{"loc":{"start":{"line":67,"column":4},"end":{"line":69,"column":5}},"type":"if","locations":[{"start":{"line":67,"column":4},"end":{"line":69,"column":5}},{"start":{"line":67,"column":4},"end":{"line":69,"column":5}}],"line":67},"3":{"loc":{"start":{"line":74,"column":6},"end":{"line":76,"column":7}},"type":"if","locations":[{"start":{"line":74,"column":6},"end":{"line":76,"column":7}},{"start":{"line":74,"column":6},"end":{"line":76,"column":7}}],"line":74},"4":{"loc":{"start":{"line":85,"column":4},"end":{"line":90,"column":5}},"type":"if","locations":[{"start":{"line":85,"column":4},"end":{"line":90,"column":5}},{"start":{"line":85,"column":4},"end":{"line":90,"column":5}}],"line":85},"5":{"loc":{"start":{"line":106,"column":6},"end":{"line":110,"column":7}},"type":"if","locations":[{"start":{"line":106,"column":6},"end":{"line":110,"column":7}},{"start":{"line":106,"column":6},"end":{"line":110,"column":7}}],"line":106},"6":{"loc":{"start":{"line":122,"column":4},"end":{"line":127,"column":5}},"type":"if","locations":[{"start":{"line":122,"column":4},"end":{"line":127,"column":5}},{"start":{"line":122,"column":4},"end":{"line":127,"column":5}}],"line":122},"7":{"loc":{"start":{"line":136,"column":6},"end":{"line":140,"column":7}},"type":"if","locations":[{"start":{"line":136,"column":6},"end":{"line":140,"column":7}},{"start":{"line":136,"column":6},"end":{"line":140,"column":7}}],"line":136}},"s":{"0":3,"1":3,"2":3,"3":3,"4":3,"5":3,"6":3,"7":3,"8":3,"9":1,"10":1,"11":0,"12":0,"13":0,"14":0,"15":9,"16":9,"17":9,"18":4,"19":5,"20":5,"21":4,"22":4,"23":4,"24":1,"25":1,"26":0,"27":4,"28":4,"29":4,"30":1,"31":3,"32":3,"33":1,"34":2,"35":2,"36":0,"37":3,"38":3,"39":3,"40":1,"41":2,"42":2,"43":1,"44":1,"45":1,"46":1,"47":1,"48":0,"49":3,"50":3,"51":3,"52":1,"53":2,"54":2,"55":1,"56":1,"57":1,"58":0,"59":3},"f":{"0":1,"1":0,"2":9,"3":4,"4":3,"5":3},"b":{"0":[4,5],"1":[1,0],"2":[1,3],"3":[2,0],"4":[1,2],"5":[1,0],"6":[1,2],"7":[1,0]},"_coverageSchema":"1a1c01bbd47fc00a2c39e90264f33305004495a9","hash":"5646cc6c2b4c0d4162a6737bcb7923dcd8b7866d"}
,"/home/sushila/projects/authentication-node/src/user/user.model.js": {"path":"/home/sushila/projects/authentication-node/src/user/user.model.js","statementMap":{"0":{"start":{"line":1,"column":17},"end":{"line":1,"column":36}},"1":{"start":{"line":2,"column":19},"end":{"line":2,"column":27}},"2":{"start":{"line":3,"column":30},"end":{"line":3,"column":59}},"3":{"start":{"line":4,"column":42},"end":{"line":4,"column":73}},"4":{"start":{"line":5,"column":19},"end":{"line":66,"column":2}},"5":{"start":{"line":12,"column":8},"end":{"line":12,"column":33}},"6":{"start":{"line":22,"column":8},"end":{"line":22,"column":46}},"7":{"start":{"line":68,"column":13},"end":{"line":68,"column":47}},"8":{"start":{"line":70,"column":0},"end":{"line":70,"column":22}}},"fnMap":{"0":{"name":"(anonymous_0)","decl":{"start":{"line":11,"column":17},"end":{"line":11,"column":18}},"loc":{"start":{"line":11,"column":28},"end":{"line":13,"column":7}},"line":11},"1":{"name":"(anonymous_1)","decl":{"start":{"line":21,"column":17},"end":{"line":21,"column":18}},"loc":{"start":{"line":21,"column":31},"end":{"line":23,"column":7}},"line":21}},"branchMap":{},"s":{"0":3,"1":3,"2":3,"3":3,"4":3,"5":6,"6":6,"7":3,"8":3},"f":{"0":6,"1":6},"b":{},"_coverageSchema":"1a1c01bbd47fc00a2c39e90264f33305004495a9","hash":"432c18b9d82b4e876bfc9bbf4f3b02130aacfe58"}
,"/home/sushila/projects/authentication-node/src/user/user.route.js": {"path":"/home/sushila/projects/authentication-node/src/user/user.route.js","statementMap":{"0":{"start":{"line":1,"column":16},"end":{"line":1,"column":34}},"1":{"start":{"line":2,"column":23},"end":{"line":2,"column":51}},"2":{"start":{"line":3,"column":19},"end":{"line":3,"column":35}},"3":{"start":{"line":4,"column":27},"end":{"line":4,"column":52}},"4":{"start":{"line":6,"column":0},"end":{"line":6,"column":67}},"5":{"start":{"line":8,"column":0},"end":{"line":8,"column":74}},"6":{"start":{"line":10,"column":0},"end":{"line":10,"column":54}},"7":{"start":{"line":12,"column":0},"end":{"line":12,"column":48}},"8":{"start":{"line":14,"column":0},"end":{"line":14,"column":66}},"9":{"start":{"line":16,"column":0},"end":{"line":16,"column":64}},"10":{"start":{"line":18,"column":0},"end":{"line":18,"column":28}}},"fnMap":{},"branchMap":{},"s":{"0":3,"1":3,"2":3,"3":3,"4":3,"5":3,"6":3,"7":3,"8":3,"9":3,"10":3},"f":{},"b":{},"_coverageSchema":"1a1c01bbd47fc00a2c39e90264f33305004495a9","hash":"0f620a7b980f9f705e1d9f88947ba603d1fdfe04"}
,"/home/sushila/projects/authentication-node/src/user/user.service.js": {"path":"/home/sushila/projects/authentication-node/src/user/user.service.js","statementMap":{"0":{"start":{"line":1,"column":30},"end":{"line":1,"column":59}},"1":{"start":{"line":5,"column":4},"end":{"line":5,"column":31}},"2":{"start":{"line":6,"column":4},"end":{"line":6,"column":23}},"3":{"start":{"line":7,"column":4},"end":{"line":7,"column":41}},"4":{"start":{"line":11,"column":65},"end":{"line":11,"column":69}},"5":{"start":{"line":12,"column":4},"end":{"line":35,"column":5}},"6":{"start":{"line":13,"column":19},"end":{"line":13,"column":58}},"7":{"start":{"line":14,"column":6},"end":{"line":18,"column":7}},"8":{"start":{"line":15,"column":20},"end":{"line":15,"column":69}},"9":{"start":{"line":16,"column":8},"end":{"line":16,"column":39}},"10":{"start":{"line":17,"column":8},"end":{"line":17,"column":20}},"11":{"start":{"line":20,"column":29},"end":{"line":20,"column":68}},"12":{"start":{"line":22,"column":24},"end":{"line":30,"column":8}},"13":{"start":{"line":32,"column":6},"end":{"line":32,"column":23}},"14":{"start":{"line":34,"column":6},"end":{"line":34,"column":18}},"15":{"start":{"line":39,"column":4},"end":{"line":44,"column":5}},"16":{"start":{"line":40,"column":20},"end":{"line":40,"column":66}},"17":{"start":{"line":41,"column":6},"end":{"line":41,"column":19}},"18":{"start":{"line":43,"column":6},"end":{"line":43,"column":18}},"19":{"start":{"line":48,"column":4},"end":{"line":81,"column":5}},"20":{"start":{"line":49,"column":19},"end":{"line":49,"column":58}},"21":{"start":{"line":50,"column":6},"end":{"line":54,"column":7}},"22":{"start":{"line":51,"column":20},"end":{"line":51,"column":31}},"23":{"start":{"line":52,"column":8},"end":{"line":52,"column":42}},"24":{"start":{"line":53,"column":8},"end":{"line":53,"column":20}},"25":{"start":{"line":56,"column":27},"end":{"line":59,"column":7}},"26":{"start":{"line":61,"column":6},"end":{"line":65,"column":7}},"27":{"start":{"line":62,"column":20},"end":{"line":62,"column":31}},"28":{"start":{"line":63,"column":8},"end":{"line":63,"column":42}},"29":{"start":{"line":64,"column":8},"end":{"line":64,"column":20}},"30":{"start":{"line":67,"column":20},"end":{"line":67,"column":66}},"31":{"start":{"line":69,"column":6},"end":{"line":78,"column":8}},"32":{"start":{"line":80,"column":6},"end":{"line":80,"column":18}},"33":{"start":{"line":85,"column":4},"end":{"line":102,"column":5}},"34":{"start":{"line":86,"column":19},"end":{"line":86,"column":75}},"35":{"start":{"line":88,"column":6},"end":{"line":93,"column":7}},"36":{"start":{"line":89,"column":20},"end":{"line":89,"column":31}},"37":{"start":{"line":90,"column":8},"end":{"line":90,"column":39}},"38":{"start":{"line":91,"column":8},"end":{"line":91,"column":77}},"39":{"start":{"line":92,"column":8},"end":{"line":92,"column":20}},"40":{"start":{"line":95,"column":20},"end":{"line":95,"column":59}},"41":{"start":{"line":97,"column":6},"end":{"line":97,"column":79}},"42":{"start":{"line":99,"column":6},"end":{"line":99,"column":80}},"43":{"start":{"line":101,"column":6},"end":{"line":101,"column":18}},"44":{"start":{"line":106,"column":30},"end":{"line":106,"column":72}},"45":{"start":{"line":107,"column":4},"end":{"line":127,"column":5}},"46":{"start":{"line":108,"column":19},"end":{"line":110,"column":8}},"47":{"start":{"line":112,"column":6},"end":{"line":117,"column":7}},"48":{"start":{"line":113,"column":20},"end":{"line":113,"column":31}},"49":{"start":{"line":114,"column":8},"end":{"line":114,"column":39}},"50":{"start":{"line":115,"column":8},"end":{"line":115,"column":71}},"51":{"start":{"line":116,"column":8},"end":{"line":116,"column":20}},"52":{"start":{"line":119,"column":26},"end":{"line":122,"column":7}},"53":{"start":{"line":124,"column":6},"end":{"line":124,"column":25}},"54":{"start":{"line":126,"column":6},"end":{"line":126,"column":18}},"55":{"start":{"line":131,"column":0},"end":{"line":131,"column":29}}},"fnMap":{"0":{"name":"(anonymous_0)","decl":{"start":{"line":4,"column":2},"end":{"line":4,"column":3}},"loc":{"start":{"line":4,"column":48},"end":{"line":8,"column":3}},"line":4},"1":{"name":"(anonymous_1)","decl":{"start":{"line":10,"column":2},"end":{"line":10,"column":3}},"loc":{"start":{"line":10,"column":32},"end":{"line":36,"column":3}},"line":10},"2":{"name":"(anonymous_2)","decl":{"start":{"line":38,"column":2},"end":{"line":38,"column":3}},"loc":{"start":{"line":38,"column":22},"end":{"line":45,"column":3}},"line":38},"3":{"name":"(anonymous_3)","decl":{"start":{"line":47,"column":2},"end":{"line":47,"column":3}},"loc":{"start":{"line":47,"column":39},"end":{"line":82,"column":3}},"line":47},"4":{"name":"(anonymous_4)","decl":{"start":{"line":84,"column":2},"end":{"line":84,"column":3}},"loc":{"start":{"line":84,"column":30},"end":{"line":103,"column":3}},"line":84},"5":{"name":"(anonymous_5)","decl":{"start":{"line":105,"column":2},"end":{"line":105,"column":3}},"loc":{"start":{"line":105,"column":46},"end":{"line":128,"column":3}},"line":105}},"branchMap":{"0":{"loc":{"start":{"line":14,"column":6},"end":{"line":18,"column":7}},"type":"if","locations":[{"start":{"line":14,"column":6},"end":{"line":18,"column":7}},{"start":{"line":14,"column":6},"end":{"line":18,"column":7}}],"line":14},"1":{"loc":{"start":{"line":50,"column":6},"end":{"line":54,"column":7}},"type":"if","locations":[{"start":{"line":50,"column":6},"end":{"line":54,"column":7}},{"start":{"line":50,"column":6},"end":{"line":54,"column":7}}],"line":50},"2":{"loc":{"start":{"line":61,"column":6},"end":{"line":65,"column":7}},"type":"if","locations":[{"start":{"line":61,"column":6},"end":{"line":65,"column":7}},{"start":{"line":61,"column":6},"end":{"line":65,"column":7}}],"line":61},"3":{"loc":{"start":{"line":74,"column":21},"end":{"line":74,"column":41}},"type":"binary-expr","locations":[{"start":{"line":74,"column":21},"end":{"line":74,"column":35}},{"start":{"line":74,"column":39},"end":{"line":74,"column":41}}],"line":74},"4":{"loc":{"start":{"line":75,"column":22},"end":{"line":75,"column":43}},"type":"binary-expr","locations":[{"start":{"line":75,"column":22},"end":{"line":75,"column":37}},{"start":{"line":75,"column":41},"end":{"line":75,"column":43}}],"line":75},"5":{"loc":{"start":{"line":76,"column":20},"end":{"line":76,"column":39}},"type":"binary-expr","locations":[{"start":{"line":76,"column":20},"end":{"line":76,"column":33}},{"start":{"line":76,"column":37},"end":{"line":76,"column":39}}],"line":76},"6":{"loc":{"start":{"line":88,"column":6},"end":{"line":93,"column":7}},"type":"if","locations":[{"start":{"line":88,"column":6},"end":{"line":93,"column":7}},{"start":{"line":88,"column":6},"end":{"line":93,"column":7}}],"line":88},"7":{"loc":{"start":{"line":112,"column":6},"end":{"line":117,"column":7}},"type":"if","locations":[{"start":{"line":112,"column":6},"end":{"line":117,"column":7}},{"start":{"line":112,"column":6},"end":{"line":117,"column":7}}],"line":112}},"s":{"0":4,"1":10,"2":10,"3":10,"4":7,"5":7,"6":7,"7":7,"8":2,"9":2,"10":2,"11":5,"12":5,"13":5,"14":2,"15":0,"16":0,"17":0,"18":0,"19":3,"20":3,"21":3,"22":1,"23":1,"24":1,"25":2,"26":2,"27":1,"28":1,"29":1,"30":1,"31":1,"32":2,"33":4,"34":4,"35":4,"36":2,"37":2,"38":2,"39":2,"40":2,"41":2,"42":2,"43":2,"44":5,"45":5,"46":5,"47":5,"48":2,"49":2,"50":2,"51":2,"52":3,"53":3,"54":2,"55":4},"f":{"0":10,"1":7,"2":0,"3":3,"4":4,"5":5},"b":{"0":[2,5],"1":[1,2],"2":[1,1],"3":[1,1],"4":[1,1],"5":[1,1],"6":[2,2],"7":[2,3]},"_coverageSchema":"1a1c01bbd47fc00a2c39e90264f33305004495a9","hash":"a00625b394139a1c44666c41e95ee920263b8e36"}
,"/home/sushila/projects/authentication-node/src/user/user.utils.js": {"path":"/home/sushila/projects/authentication-node/src/user/user.utils.js","statementMap":{"0":{"start":{"line":1,"column":15},"end":{"line":1,"column":32}},"1":{"start":{"line":2,"column":19},"end":{"line":2,"column":20}},"2":{"start":{"line":4,"column":14},"end":{"line":13,"column":1}},"3":{"start":{"line":6,"column":27},"end":{"line":6,"column":66}},"4":{"start":{"line":7,"column":4},"end":{"line":7,"column":26}},"5":{"start":{"line":11,"column":4},"end":{"line":11,"column":56}},"6":{"start":{"line":15,"column":0},"end":{"line":15,"column":27}}},"fnMap":{"0":{"name":"(anonymous_0)","decl":{"start":{"line":5,"column":16},"end":{"line":5,"column":17}},"loc":{"start":{"line":5,"column":36},"end":{"line":8,"column":3}},"line":5},"1":{"name":"(anonymous_1)","decl":{"start":{"line":10,"column":19},"end":{"line":10,"column":20}},"loc":{"start":{"line":10,"column":53},"end":{"line":12,"column":3}},"line":10}},"branchMap":{},"s":{"0":3,"1":3,"2":3,"3":8,"4":8,"5":2,"6":3},"f":{"0":8,"1":2},"b":{},"_coverageSchema":"1a1c01bbd47fc00a2c39e90264f33305004495a9","hash":"424955febec60287fb27d59ae9968bf194909bcb"}
,"/home/sushila/projects/authentication-node/src/user/user.validation.js": {"path":"/home/sushila/projects/authentication-node/src/user/user.validation.js","statementMap":{"0":{"start":{"line":5,"column":4},"end":{"line":5,"column":35}},"1":{"start":{"line":7,"column":30},"end":{"line":7,"column":59}},"2":{"start":{"line":9,"column":31},"end":{"line":42,"column":1}},"3":{"start":{"line":10,"column":15},"end":{"line":10,"column":17}},"4":{"start":{"line":11,"column":2},"end":{"line":19,"column":3}},"5":{"start":{"line":12,"column":18},"end":{"line":14,"column":5}},"6":{"start":{"line":18,"column":4},"end":{"line":18,"column":32}},"7":{"start":{"line":20,"column":2},"end":{"line":25,"column":3}},"8":{"start":{"line":21,"column":18},"end":{"line":23,"column":5}},"9":{"start":{"line":24,"column":4},"end":{"line":24,"column":32}},"10":{"start":{"line":26,"column":2},"end":{"line":31,"column":3}},"11":{"start":{"line":27,"column":18},"end":{"line":29,"column":5}},"12":{"start":{"line":30,"column":4},"end":{"line":30,"column":32}},"13":{"start":{"line":33,"column":2},"end":{"line":38,"column":3}},"14":{"start":{"line":34,"column":18},"end":{"line":36,"column":5}},"15":{"start":{"line":37,"column":4},"end":{"line":37,"column":32}},"16":{"start":{"line":39,"column":2},"end":{"line":41,"column":4}},"17":{"start":{"line":44,"column":33},"end":{"line":56,"column":1}},"18":{"start":{"line":45,"column":15},"end":{"line":45,"column":17}},"19":{"start":{"line":47,"column":2},"end":{"line":53,"column":3}},"20":{"start":{"line":48,"column":18},"end":{"line":50,"column":5}},"21":{"start":{"line":52,"column":4},"end":{"line":52,"column":32}},"22":{"start":{"line":55,"column":2},"end":{"line":55,"column":20}},"23":{"start":{"line":58,"column":31},"end":{"line":74,"column":1}},"24":{"start":{"line":59,"column":15},"end":{"line":59,"column":17}},"25":{"start":{"line":60,"column":2},"end":{"line":65,"column":3}},"26":{"start":{"line":61,"column":18},"end":{"line":63,"column":5}},"27":{"start":{"line":64,"column":4},"end":{"line":64,"column":32}},"28":{"start":{"line":67,"column":2},"end":{"line":72,"column":3}},"29":{"start":{"line":68,"column":18},"end":{"line":70,"column":5}},"30":{"start":{"line":71,"column":4},"end":{"line":71,"column":32}},"31":{"start":{"line":73,"column":2},"end":{"line":73,"column":20}},"32":{"start":{"line":76,"column":0},"end":{"line":81,"column":2}}},"fnMap":{"0":{"name":"(anonymous_0)","decl":{"start":{"line":9,"column":31},"end":{"line":9,"column":32}},"loc":{"start":{"line":9,"column":56},"end":{"line":42,"column":1}},"line":9},"1":{"name":"(anonymous_1)","decl":{"start":{"line":44,"column":33},"end":{"line":44,"column":34}},"loc":{"start":{"line":44,"column":44},"end":{"line":56,"column":1}},"line":44},"2":{"name":"(anonymous_2)","decl":{"start":{"line":58,"column":31},"end":{"line":58,"column":32}},"loc":{"start":{"line":58,"column":69},"end":{"line":74,"column":1}},"line":58}},"branchMap":{"0":{"loc":{"start":{"line":11,"column":2},"end":{"line":19,"column":3}},"type":"if","locations":[{"start":{"line":11,"column":2},"end":{"line":19,"column":3}},{"start":{"line":11,"column":2},"end":{"line":19,"column":3}}],"line":11},"1":{"loc":{"start":{"line":20,"column":2},"end":{"line":25,"column":3}},"type":"if","locations":[{"start":{"line":20,"column":2},"end":{"line":25,"column":3}},{"start":{"line":20,"column":2},"end":{"line":25,"column":3}}],"line":20},"2":{"loc":{"start":{"line":26,"column":2},"end":{"line":31,"column":3}},"type":"if","locations":[{"start":{"line":26,"column":2},"end":{"line":31,"column":3}},{"start":{"line":26,"column":2},"end":{"line":31,"column":3}}],"line":26},"3":{"loc":{"start":{"line":33,"column":2},"end":{"line":38,"column":3}},"type":"if","locations":[{"start":{"line":33,"column":2},"end":{"line":38,"column":3}},{"start":{"line":33,"column":2},"end":{"line":38,"column":3}}],"line":33},"4":{"loc":{"start":{"line":47,"column":2},"end":{"line":53,"column":3}},"type":"if","locations":[{"start":{"line":47,"column":2},"end":{"line":53,"column":3}},{"start":{"line":47,"column":2},"end":{"line":53,"column":3}}],"line":47},"5":{"loc":{"start":{"line":60,"column":2},"end":{"line":65,"column":3}},"type":"if","locations":[{"start":{"line":60,"column":2},"end":{"line":65,"column":3}},{"start":{"line":60,"column":2},"end":{"line":65,"column":3}}],"line":60},"6":{"loc":{"start":{"line":67,"column":2},"end":{"line":72,"column":3}},"type":"if","locations":[{"start":{"line":67,"column":2},"end":{"line":72,"column":3}},{"start":{"line":67,"column":2},"end":{"line":72,"column":3}}],"line":67}},"s":{"0":4,"1":4,"2":4,"3":17,"4":17,"5":4,"6":4,"7":17,"8":5,"9":5,"10":17,"11":4,"12":4,"13":17,"14":5,"15":5,"16":17,"17":4,"18":5,"19":5,"20":2,"21":2,"22":5,"23":4,"24":7,"25":7,"26":3,"27":3,"28":7,"29":3,"30":3,"31":7,"32":4},"f":{"0":17,"1":5,"2":7},"b":{"0":[4,13],"1":[5,12],"2":[4,13],"3":[5,12],"4":[2,3],"5":[3,4],"6":[3,4]},"_coverageSchema":"1a1c01bbd47fc00a2c39e90264f33305004495a9","hash":"084524348fab4fa9890ca93465063ab4a9f7c560"}
,"/home/sushila/projects/authentication-node/src/utils/mailer.js": {"path":"/home/sushila/projects/authentication-node/src/utils/mailer.js","statementMap":{"0":{"start":{"line":1,"column":19},"end":{"line":1,"column":40}},"1":{"start":{"line":2,"column":16},"end":{"line":2,"column":51}},"2":{"start":{"line":4,"column":18},"end":{"line":28,"column":1}},"3":{"start":{"line":5,"column":2},"end":{"line":5,"column":50}},"4":{"start":{"line":5,"column":38},"end":{"line":5,"column":50}},"5":{"start":{"line":6,"column":22},"end":{"line":14,"column":4}},"6":{"start":{"line":16,"column":2},"end":{"line":26,"column":4}},"7":{"start":{"line":24,"column":6},"end":{"line":24,"column":77}},"8":{"start":{"line":27,"column":2},"end":{"line":27,"column":14}},"9":{"start":{"line":30,"column":0},"end":{"line":30,"column":31}}},"fnMap":{"0":{"name":"(anonymous_0)","decl":{"start":{"line":4,"column":18},"end":{"line":4,"column":19}},"loc":{"start":{"line":4,"column":50},"end":{"line":28,"column":1}},"line":4},"1":{"name":"(anonymous_1)","decl":{"start":{"line":23,"column":4},"end":{"line":23,"column":5}},"loc":{"start":{"line":23,"column":19},"end":{"line":25,"column":5}},"line":23}},"branchMap":{"0":{"loc":{"start":{"line":5,"column":2},"end":{"line":5,"column":50}},"type":"if","locations":[{"start":{"line":5,"column":2},"end":{"line":5,"column":50}},{"start":{"line":5,"column":2},"end":{"line":5,"column":50}}],"line":5}},"s":{"0":3,"1":3,"2":3,"3":5,"4":5,"5":0,"6":0,"7":0,"8":0,"9":3},"f":{"0":5,"1":0},"b":{"0":[5,0]},"_coverageSchema":"1a1c01bbd47fc00a2c39e90264f33305004495a9","hash":"94f34bca65e9485a7cdeb03be92b65f58f2288d2"}
,"/home/sushila/projects/authentication-node/src/utils/token.js": {"path":"/home/sushila/projects/authentication-node/src/utils/token.js","statementMap":{"0":{"start":{"line":1,"column":13},"end":{"line":1,"column":28}},"1":{"start":{"line":2,"column":12},"end":{"line":2,"column":35}},"2":{"start":{"line":3,"column":16},"end":{"line":3,"column":51}},"3":{"start":{"line":5,"column":26},"end":{"line":7,"column":1}},"4":{"start":{"line":6,"column":2},"end":{"line":6,"column":19}},"5":{"start":{"line":9,"column":25},"end":{"line":12,"column":1}},"6":{"start":{"line":10,"column":16},"end":{"line":10,"column":72}},"7":{"start":{"line":11,"column":2},"end":{"line":11,"column":15}},"8":{"start":{"line":14,"column":22},"end":{"line":17,"column":1}},"9":{"start":{"line":15,"column":18},"end":{"line":15,"column":60}},"10":{"start":{"line":16,"column":2},"end":{"line":16,"column":17}},"11":{"start":{"line":19,"column":22},"end":{"line":24,"column":1}},"12":{"start":{"line":20,"column":2},"end":{"line":23,"column":4}},"13":{"start":{"line":25,"column":0},"end":{"line":30,"column":2}}},"fnMap":{"0":{"name":"(anonymous_0)","decl":{"start":{"line":5,"column":26},"end":{"line":5,"column":27}},"loc":{"start":{"line":5,"column":32},"end":{"line":7,"column":1}},"line":5},"1":{"name":"(anonymous_1)","decl":{"start":{"line":9,"column":25},"end":{"line":9,"column":26}},"loc":{"start":{"line":9,"column":51},"end":{"line":12,"column":1}},"line":9},"2":{"name":"(anonymous_2)","decl":{"start":{"line":14,"column":22},"end":{"line":14,"column":23}},"loc":{"start":{"line":14,"column":33},"end":{"line":17,"column":1}},"line":14},"3":{"name":"(anonymous_3)","decl":{"start":{"line":19,"column":22},"end":{"line":19,"column":23}},"loc":{"start":{"line":19,"column":45},"end":{"line":24,"column":1}},"line":19}},"branchMap":{"0":{"loc":{"start":{"line":9,"column":30},"end":{"line":9,"column":46}},"type":"default-arg","locations":[{"start":{"line":9,"column":42},"end":{"line":9,"column":46}}],"line":9}},"s":{"0":3,"1":3,"2":3,"3":3,"4":1,"5":3,"6":3,"7":3,"8":3,"9":12,"10":9,"11":3,"12":1,"13":3},"f":{"0":1,"1":3,"2":12,"3":1},"b":{"0":[3]},"_coverageSchema":"1a1c01bbd47fc00a2c39e90264f33305004495a9","hash":"bb7a3c09001909d58a046aaecd9e1ee900836e93"}
,"/home/sushila/projects/authentication-node/src/utils/validations.js": {"path":"/home/sushila/projects/authentication-node/src/utils/validations.js","statementMap":{"0":{"start":{"line":1,"column":17},"end":{"line":1,"column":36}},"1":{"start":{"line":3,"column":20},"end":{"line":8,"column":1}},"2":{"start":{"line":4,"column":2},"end":{"line":6,"column":3}},"3":{"start":{"line":5,"column":4},"end":{"line":5,"column":17}},"4":{"start":{"line":7,"column":2},"end":{"line":7,"column":14}},"5":{"start":{"line":10,"column":19},"end":{"line":12,"column":1}},"6":{"start":{"line":11,"column":2},"end":{"line":11,"column":50}},"7":{"start":{"line":14,"column":26},"end":{"line":16,"column":1}},"8":{"start":{"line":15,"column":2},"end":{"line":15,"column":27}},"9":{"start":{"line":18,"column":18},"end":{"line":20,"column":1}},"10":{"start":{"line":19,"column":2},"end":{"line":19,"column":46}},"11":{"start":{"line":22,"column":16},"end":{"line":24,"column":1}},"12":{"start":{"line":23,"column":2},"end":{"line":23,"column":45}},"13":{"start":{"line":26,"column":0},"end":{"line":32,"column":2}}},"fnMap":{"0":{"name":"(anonymous_0)","decl":{"start":{"line":3,"column":20},"end":{"line":3,"column":21}},"loc":{"start":{"line":3,"column":29},"end":{"line":8,"column":1}},"line":3},"1":{"name":"(anonymous_1)","decl":{"start":{"line":10,"column":19},"end":{"line":10,"column":20}},"loc":{"start":{"line":10,"column":30},"end":{"line":12,"column":1}},"line":10},"2":{"name":"(anonymous_2)","decl":{"start":{"line":14,"column":26},"end":{"line":14,"column":27}},"loc":{"start":{"line":14,"column":40},"end":{"line":16,"column":1}},"line":14},"3":{"name":"(anonymous_3)","decl":{"start":{"line":18,"column":18},"end":{"line":18,"column":19}},"loc":{"start":{"line":18,"column":28},"end":{"line":20,"column":1}},"line":18},"4":{"name":"(anonymous_4)","decl":{"start":{"line":22,"column":16},"end":{"line":22,"column":17}},"loc":{"start":{"line":22,"column":24},"end":{"line":24,"column":1}},"line":22}},"branchMap":{"0":{"loc":{"start":{"line":4,"column":2},"end":{"line":6,"column":3}},"type":"if","locations":[{"start":{"line":4,"column":2},"end":{"line":6,"column":3}},{"start":{"line":4,"column":2},"end":{"line":6,"column":3}}],"line":4},"1":{"loc":{"start":{"line":4,"column":6},"end":{"line":4,"column":24}},"type":"binary-expr","locations":[{"start":{"line":4,"column":6},"end":{"line":4,"column":10}},{"start":{"line":4,"column":14},"end":{"line":4,"column":24}}],"line":4},"2":{"loc":{"start":{"line":19,"column":9},"end":{"line":19,"column":45}},"type":"binary-expr","locations":[{"start":{"line":19,"column":9},"end":{"line":19,"column":29}},{"start":{"line":19,"column":33},"end":{"line":19,"column":45}}],"line":19}},"s":{"0":6,"1":6,"2":110,"3":27,"4":83,"5":6,"6":34,"7":6,"8":32,"9":6,"10":16,"11":6,"12":27,"13":6},"f":{"0":110,"1":34,"2":32,"3":16,"4":27},"b":{"0":[27,83],"1":[110,83],"2":[16,14]},"_coverageSchema":"1a1c01bbd47fc00a2c39e90264f33305004495a9","hash":"f40eb701953f442c144839afd4c537cbc718487d"}
}
