{"/home/sushila/projects/authentication-node/src/config/app.config.js": {"path":"/home/sushila/projects/authentication-node/src/config/app.config.js","statementMap":{"0":{"start":{"line":1,"column":16},"end":{"line":1,"column":34}},"1":{"start":{"line":2,"column":15},"end":{"line":2,"column":35}},"2":{"start":{"line":3,"column":19},"end":{"line":3,"column":41}},"3":{"start":{"line":5,"column":12},"end":{"line":5,"column":21}},"4":{"start":{"line":7,"column":0},"end":{"line":7,"column":52}},"5":{"start":{"line":9,"column":0},"end":{"line":9,"column":27}},"6":{"start":{"line":11,"column":0},"end":{"line":11,"column":24}},"7":{"start":{"line":13,"column":0},"end":{"line":13,"column":21}}},"fnMap":{},"branchMap":{},"s":{"0":2,"1":2,"2":2,"3":2,"4":2,"5":2,"6":2,"7":2},"f":{},"b":{},"_coverageSchema":"1a1c01bbd47fc00a2c39e90264f33305004495a9","hash":"9a16f1b5de1de57dad1827bd463f0ea4eeddc2ab"}
,"/home/sushila/projects/authentication-node/src/config/db.config.js": {"path":"/home/sushila/projects/authentication-node/src/config/db.config.js","statementMap":{"0":{"start":{"line":1,"column":17},"end":{"line":1,"column":36}},"1":{"start":{"line":3,"column":20},"end":{"line":10,"column":1}},"2":{"start":{"line":4,"column":2},"end":{"line":9,"column":5}},"3":{"start":{"line":12,"column":0},"end":{"line":12,"column":33}}},"fnMap":{"0":{"name":"(anonymous_0)","decl":{"start":{"line":3,"column":20},"end":{"line":3,"column":21}},"loc":{"start":{"line":3,"column":35},"end":{"line":10,"column":1}},"line":3}},"branchMap":{},"s":{"0":2,"1":2,"2":2,"3":2},"f":{"0":2},"b":{},"_coverageSchema":"1a1c01bbd47fc00a2c39e90264f33305004495a9","hash":"9b062c169bc932d0f5edca3a46d7f175e9e41155"}
,"/home/sushila/projects/authentication-node/src/config/envVars.config.js": {"path":"/home/sushila/projects/authentication-node/src/config/envVars.config.js","statementMap":{"0":{"start":{"line":1,"column":0},"end":{"line":1,"column":27}},"1":{"start":{"line":3,"column":15},"end":{"line":8,"column":1}},"2":{"start":{"line":10,"column":0},"end":{"line":10,"column":24}}},"fnMap":{},"branchMap":{},"s":{"0":2,"1":2,"2":2},"f":{},"b":{},"_coverageSchema":"1a1c01bbd47fc00a2c39e90264f33305004495a9","hash":"a57beabce002bcc6863f6f80562bd47c6f99de26"}
,"/home/sushila/projects/authentication-node/src/routes/index.js": {"path":"/home/sushila/projects/authentication-node/src/routes/index.js","statementMap":{"0":{"start":{"line":1,"column":16},"end":{"line":1,"column":34}},"1":{"start":{"line":2,"column":19},"end":{"line":2,"column":48}},"2":{"start":{"line":3,"column":15},"end":{"line":3,"column":31}},"3":{"start":{"line":5,"column":0},"end":{"line":7,"column":3}},"4":{"start":{"line":6,"column":2},"end":{"line":6,"column":71}},"5":{"start":{"line":9,"column":0},"end":{"line":9,"column":32}},"6":{"start":{"line":11,"column":0},"end":{"line":11,"column":24}}},"fnMap":{"0":{"name":"(anonymous_0)","decl":{"start":{"line":5,"column":27},"end":{"line":5,"column":28}},"loc":{"start":{"line":5,"column":41},"end":{"line":7,"column":1}},"line":5}},"branchMap":{},"s":{"0":2,"1":2,"2":2,"3":2,"4":1,"5":2,"6":2},"f":{"0":1},"b":{},"_coverageSchema":"1a1c01bbd47fc00a2c39e90264f33305004495a9","hash":"9dc92a2db15e11eeafecc614e7c39c4d505b4afe"}
,"/home/sushila/projects/authentication-node/src/user/index.js": {"path":"/home/sushila/projects/authentication-node/src/user/index.js","statementMap":{"0":{"start":{"line":1,"column":13},"end":{"line":1,"column":36}},"1":{"start":{"line":2,"column":20},"end":{"line":2,"column":45}},"2":{"start":{"line":3,"column":18},"end":{"line":3,"column":41}},"3":{"start":{"line":5,"column":0},"end":{"line":5,"column":46}}},"fnMap":{},"branchMap":{},"s":{"0":2,"1":2,"2":2,"3":2},"f":{},"b":{},"_coverageSchema":"1a1c01bbd47fc00a2c39e90264f33305004495a9","hash":"dc62895fee8268fb7cfe6cd197d984bae7af4d3f"}
,"/home/sushila/projects/authentication-node/src/user/user.constraints.js": {"path":"/home/sushila/projects/authentication-node/src/user/user.constraints.js","statementMap":{"0":{"start":{"line":1,"column":26},"end":{"line":7,"column":1}},"1":{"start":{"line":9,"column":0},"end":{"line":9,"column":39}}},"fnMap":{},"branchMap":{},"s":{"0":4,"1":4},"f":{},"b":{},"_coverageSchema":"1a1c01bbd47fc00a2c39e90264f33305004495a9","hash":"6e0d0cad137309c50e9e068e33d04416ff880f6b"}
,"/home/sushila/projects/authentication-node/src/user/user.controller.js": {"path":"/home/sushila/projects/authentication-node/src/user/user.controller.js","statementMap":{"0":{"start":{"line":4,"column":4},"end":{"line":4,"column":32}},"1":{"start":{"line":5,"column":20},"end":{"line":5,"column":38}},"2":{"start":{"line":6,"column":13},"end":{"line":6,"column":36}},"3":{"start":{"line":7,"column":18},"end":{"line":7,"column":41}},"4":{"start":{"line":9,"column":23},"end":{"line":55,"column":1}},"5":{"start":{"line":11,"column":65},"end":{"line":11,"column":73}},"6":{"start":{"line":12,"column":23},"end":{"line":12,"column":66}},"7":{"start":{"line":13,"column":4},"end":{"line":18,"column":5}},"8":{"start":{"line":14,"column":6},"end":{"line":17,"column":9}},"9":{"start":{"line":19,"column":4},"end":{"line":36,"column":5}},"10":{"start":{"line":20,"column":24},"end":{"line":20,"column":69}},"11":{"start":{"line":24,"column":6},"end":{"line":27,"column":9}},"12":{"start":{"line":29,"column":6},"end":{"line":34,"column":7}},"13":{"start":{"line":30,"column":8},"end":{"line":33,"column":11}},"14":{"start":{"line":35,"column":6},"end":{"line":35,"column":63}},"15":{"start":{"line":40,"column":32},"end":{"line":40,"column":40}},"16":{"start":{"line":41,"column":23},"end":{"line":41,"column":59}},"17":{"start":{"line":42,"column":4},"end":{"line":44,"column":5}},"18":{"start":{"line":43,"column":6},"end":{"line":43,"column":71}},"19":{"start":{"line":45,"column":4},"end":{"line":53,"column":5}},"20":{"start":{"line":46,"column":19},"end":{"line":46,"column":67}},"21":{"start":{"line":47,"column":6},"end":{"line":47,"column":47}},"22":{"start":{"line":49,"column":6},"end":{"line":51,"column":7}},"23":{"start":{"line":50,"column":8},"end":{"line":50,"column":68}},"24":{"start":{"line":52,"column":6},"end":{"line":52,"column":63}},"25":{"start":{"line":57,"column":0},"end":{"line":57,"column":32}}},"fnMap":{"0":{"name":"(anonymous_0)","decl":{"start":{"line":10,"column":12},"end":{"line":10,"column":13}},"loc":{"start":{"line":10,"column":32},"end":{"line":37,"column":3}},"line":10},"1":{"name":"(anonymous_1)","decl":{"start":{"line":39,"column":9},"end":{"line":39,"column":10}},"loc":{"start":{"line":39,"column":29},"end":{"line":54,"column":3}},"line":39}},"branchMap":{"0":{"loc":{"start":{"line":13,"column":4},"end":{"line":18,"column":5}},"type":"if","locations":[{"start":{"line":13,"column":4},"end":{"line":18,"column":5}},{"start":{"line":13,"column":4},"end":{"line":18,"column":5}}],"line":13},"1":{"loc":{"start":{"line":29,"column":6},"end":{"line":34,"column":7}},"type":"if","locations":[{"start":{"line":29,"column":6},"end":{"line":34,"column":7}},{"start":{"line":29,"column":6},"end":{"line":34,"column":7}}],"line":29},"2":{"loc":{"start":{"line":42,"column":4},"end":{"line":44,"column":5}},"type":"if","locations":[{"start":{"line":42,"column":4},"end":{"line":44,"column":5}},{"start":{"line":42,"column":4},"end":{"line":44,"column":5}}],"line":42},"3":{"loc":{"start":{"line":49,"column":6},"end":{"line":51,"column":7}},"type":"if","locations":[{"start":{"line":49,"column":6},"end":{"line":51,"column":7}},{"start":{"line":49,"column":6},"end":{"line":51,"column":7}}],"line":49}},"s":{"0":2,"1":2,"2":2,"3":2,"4":2,"5":9,"6":9,"7":9,"8":4,"9":5,"10":5,"11":4,"12":1,"13":1,"14":0,"15":4,"16":4,"17":4,"18":1,"19":3,"20":3,"21":1,"22":2,"23":2,"24":0,"25":2},"f":{"0":9,"1":4},"b":{"0":[4,5],"1":[1,0],"2":[1,3],"3":[2,0]},"_coverageSchema":"1a1c01bbd47fc00a2c39e90264f33305004495a9","hash":"a0f52ee36adbc6fb7c2629284070c733287a3679"}
,"/home/sushila/projects/authentication-node/src/user/user.model.js": {"path":"/home/sushila/projects/authentication-node/src/user/user.model.js","statementMap":{"0":{"start":{"line":1,"column":17},"end":{"line":1,"column":36}},"1":{"start":{"line":2,"column":19},"end":{"line":2,"column":27}},"2":{"start":{"line":3,"column":30},"end":{"line":3,"column":59}},"3":{"start":{"line":4,"column":42},"end":{"line":4,"column":73}},"4":{"start":{"line":5,"column":19},"end":{"line":62,"column":2}},"5":{"start":{"line":12,"column":8},"end":{"line":12,"column":33}},"6":{"start":{"line":22,"column":8},"end":{"line":22,"column":46}},"7":{"start":{"line":64,"column":13},"end":{"line":64,"column":47}},"8":{"start":{"line":66,"column":0},"end":{"line":66,"column":22}}},"fnMap":{"0":{"name":"(anonymous_0)","decl":{"start":{"line":11,"column":17},"end":{"line":11,"column":18}},"loc":{"start":{"line":11,"column":28},"end":{"line":13,"column":7}},"line":11},"1":{"name":"(anonymous_1)","decl":{"start":{"line":21,"column":17},"end":{"line":21,"column":18}},"loc":{"start":{"line":21,"column":31},"end":{"line":23,"column":7}},"line":21}},"branchMap":{},"s":{"0":2,"1":2,"2":2,"3":2,"4":2,"5":5,"6":5,"7":2,"8":2},"f":{"0":5,"1":5},"b":{},"_coverageSchema":"1a1c01bbd47fc00a2c39e90264f33305004495a9","hash":"67e59940c8f92941bb684dbef01cb513889f7d2e"}
,"/home/sushila/projects/authentication-node/src/user/user.route.js": {"path":"/home/sushila/projects/authentication-node/src/user/user.route.js","statementMap":{"0":{"start":{"line":1,"column":16},"end":{"line":1,"column":34}},"1":{"start":{"line":2,"column":23},"end":{"line":2,"column":51}},"2":{"start":{"line":3,"column":19},"end":{"line":3,"column":35}},"3":{"start":{"line":5,"column":0},"end":{"line":5,"column":54}},"4":{"start":{"line":7,"column":0},"end":{"line":7,"column":48}},"5":{"start":{"line":9,"column":0},"end":{"line":9,"column":28}}},"fnMap":{},"branchMap":{},"s":{"0":2,"1":2,"2":2,"3":2,"4":2,"5":2},"f":{},"b":{},"_coverageSchema":"1a1c01bbd47fc00a2c39e90264f33305004495a9","hash":"de6038371dbcc809f329f125e2971d8d73bdfc95"}
,"/home/sushila/projects/authentication-node/src/user/user.service.js": {"path":"/home/sushila/projects/authentication-node/src/user/user.service.js","statementMap":{"0":{"start":{"line":1,"column":30},"end":{"line":1,"column":59}},"1":{"start":{"line":5,"column":4},"end":{"line":5,"column":31}},"2":{"start":{"line":6,"column":4},"end":{"line":6,"column":23}},"3":{"start":{"line":10,"column":65},"end":{"line":10,"column":69}},"4":{"start":{"line":11,"column":4},"end":{"line":34,"column":5}},"5":{"start":{"line":12,"column":19},"end":{"line":12,"column":58}},"6":{"start":{"line":13,"column":6},"end":{"line":17,"column":7}},"7":{"start":{"line":14,"column":20},"end":{"line":14,"column":69}},"8":{"start":{"line":15,"column":8},"end":{"line":15,"column":39}},"9":{"start":{"line":16,"column":8},"end":{"line":16,"column":20}},"10":{"start":{"line":19,"column":29},"end":{"line":19,"column":68}},"11":{"start":{"line":21,"column":24},"end":{"line":29,"column":8}},"12":{"start":{"line":31,"column":6},"end":{"line":31,"column":23}},"13":{"start":{"line":33,"column":6},"end":{"line":33,"column":18}},"14":{"start":{"line":38,"column":4},"end":{"line":65,"column":5}},"15":{"start":{"line":39,"column":19},"end":{"line":39,"column":58}},"16":{"start":{"line":40,"column":6},"end":{"line":44,"column":7}},"17":{"start":{"line":41,"column":20},"end":{"line":41,"column":31}},"18":{"start":{"line":42,"column":8},"end":{"line":42,"column":42}},"19":{"start":{"line":43,"column":8},"end":{"line":43,"column":20}},"20":{"start":{"line":46,"column":27},"end":{"line":49,"column":7}},"21":{"start":{"line":51,"column":6},"end":{"line":55,"column":7}},"22":{"start":{"line":52,"column":20},"end":{"line":52,"column":31}},"23":{"start":{"line":53,"column":8},"end":{"line":53,"column":42}},"24":{"start":{"line":54,"column":8},"end":{"line":54,"column":20}},"25":{"start":{"line":57,"column":6},"end":{"line":62,"column":8}},"26":{"start":{"line":64,"column":6},"end":{"line":64,"column":18}},"27":{"start":{"line":69,"column":0},"end":{"line":69,"column":29}}},"fnMap":{"0":{"name":"(anonymous_0)","decl":{"start":{"line":4,"column":2},"end":{"line":4,"column":3}},"loc":{"start":{"line":4,"column":32},"end":{"line":7,"column":3}},"line":4},"1":{"name":"(anonymous_1)","decl":{"start":{"line":9,"column":2},"end":{"line":9,"column":3}},"loc":{"start":{"line":9,"column":32},"end":{"line":35,"column":3}},"line":9},"2":{"name":"(anonymous_2)","decl":{"start":{"line":37,"column":2},"end":{"line":37,"column":3}},"loc":{"start":{"line":37,"column":39},"end":{"line":66,"column":3}},"line":37}},"branchMap":{"0":{"loc":{"start":{"line":13,"column":6},"end":{"line":17,"column":7}},"type":"if","locations":[{"start":{"line":13,"column":6},"end":{"line":17,"column":7}},{"start":{"line":13,"column":6},"end":{"line":17,"column":7}}],"line":13},"1":{"loc":{"start":{"line":40,"column":6},"end":{"line":44,"column":7}},"type":"if","locations":[{"start":{"line":40,"column":6},"end":{"line":44,"column":7}},{"start":{"line":40,"column":6},"end":{"line":44,"column":7}}],"line":40},"2":{"loc":{"start":{"line":51,"column":6},"end":{"line":55,"column":7}},"type":"if","locations":[{"start":{"line":51,"column":6},"end":{"line":55,"column":7}},{"start":{"line":51,"column":6},"end":{"line":55,"column":7}}],"line":51},"3":{"loc":{"start":{"line":59,"column":19},"end":{"line":59,"column":39}},"type":"binary-expr","locations":[{"start":{"line":59,"column":19},"end":{"line":59,"column":33}},{"start":{"line":59,"column":37},"end":{"line":59,"column":39}}],"line":59},"4":{"loc":{"start":{"line":60,"column":20},"end":{"line":60,"column":41}},"type":"binary-expr","locations":[{"start":{"line":60,"column":20},"end":{"line":60,"column":35}},{"start":{"line":60,"column":39},"end":{"line":60,"column":41}}],"line":60},"5":{"loc":{"start":{"line":61,"column":18},"end":{"line":61,"column":37}},"type":"binary-expr","locations":[{"start":{"line":61,"column":18},"end":{"line":61,"column":31}},{"start":{"line":61,"column":35},"end":{"line":61,"column":37}}],"line":61}},"s":{"0":3,"1":4,"2":4,"3":7,"4":7,"5":7,"6":7,"7":2,"8":2,"9":2,"10":5,"11":5,"12":5,"13":2,"14":3,"15":3,"16":3,"17":1,"18":1,"19":1,"20":2,"21":2,"22":1,"23":1,"24":1,"25":1,"26":2,"27":3},"f":{"0":4,"1":7,"2":3},"b":{"0":[2,5],"1":[1,2],"2":[1,1],"3":[1,1],"4":[1,1],"5":[1,1]},"_coverageSchema":"1a1c01bbd47fc00a2c39e90264f33305004495a9","hash":"2e9d563c61a635dc0cf6c8e1a740c11b830e9368"}
,"/home/sushila/projects/authentication-node/src/user/user.utils.js": {"path":"/home/sushila/projects/authentication-node/src/user/user.utils.js","statementMap":{"0":{"start":{"line":1,"column":15},"end":{"line":1,"column":32}},"1":{"start":{"line":2,"column":19},"end":{"line":2,"column":20}},"2":{"start":{"line":4,"column":14},"end":{"line":13,"column":1}},"3":{"start":{"line":6,"column":27},"end":{"line":6,"column":66}},"4":{"start":{"line":7,"column":4},"end":{"line":7,"column":26}},"5":{"start":{"line":11,"column":4},"end":{"line":11,"column":56}},"6":{"start":{"line":15,"column":0},"end":{"line":15,"column":27}}},"fnMap":{"0":{"name":"(anonymous_0)","decl":{"start":{"line":5,"column":16},"end":{"line":5,"column":17}},"loc":{"start":{"line":5,"column":36},"end":{"line":8,"column":3}},"line":5},"1":{"name":"(anonymous_1)","decl":{"start":{"line":10,"column":19},"end":{"line":10,"column":20}},"loc":{"start":{"line":10,"column":53},"end":{"line":12,"column":3}},"line":10}},"branchMap":{},"s":{"0":2,"1":2,"2":2,"3":5,"4":5,"5":2,"6":2},"f":{"0":5,"1":2},"b":{},"_coverageSchema":"1a1c01bbd47fc00a2c39e90264f33305004495a9","hash":"424955febec60287fb27d59ae9968bf194909bcb"}
,"/home/sushila/projects/authentication-node/src/user/user.validation.js": {"path":"/home/sushila/projects/authentication-node/src/user/user.validation.js","statementMap":{"0":{"start":{"line":5,"column":4},"end":{"line":5,"column":35}},"1":{"start":{"line":7,"column":30},"end":{"line":7,"column":59}},"2":{"start":{"line":9,"column":31},"end":{"line":42,"column":1}},"3":{"start":{"line":10,"column":15},"end":{"line":10,"column":17}},"4":{"start":{"line":11,"column":2},"end":{"line":19,"column":3}},"5":{"start":{"line":12,"column":18},"end":{"line":14,"column":5}},"6":{"start":{"line":18,"column":4},"end":{"line":18,"column":32}},"7":{"start":{"line":20,"column":2},"end":{"line":25,"column":3}},"8":{"start":{"line":21,"column":18},"end":{"line":23,"column":5}},"9":{"start":{"line":24,"column":4},"end":{"line":24,"column":32}},"10":{"start":{"line":26,"column":2},"end":{"line":31,"column":3}},"11":{"start":{"line":27,"column":18},"end":{"line":29,"column":5}},"12":{"start":{"line":30,"column":4},"end":{"line":30,"column":32}},"13":{"start":{"line":33,"column":2},"end":{"line":38,"column":3}},"14":{"start":{"line":34,"column":18},"end":{"line":36,"column":5}},"15":{"start":{"line":37,"column":4},"end":{"line":37,"column":32}},"16":{"start":{"line":39,"column":2},"end":{"line":41,"column":4}},"17":{"start":{"line":44,"column":0},"end":{"line":47,"column":2}}},"fnMap":{"0":{"name":"(anonymous_0)","decl":{"start":{"line":9,"column":31},"end":{"line":9,"column":32}},"loc":{"start":{"line":9,"column":56},"end":{"line":42,"column":1}},"line":9}},"branchMap":{"0":{"loc":{"start":{"line":11,"column":2},"end":{"line":19,"column":3}},"type":"if","locations":[{"start":{"line":11,"column":2},"end":{"line":19,"column":3}},{"start":{"line":11,"column":2},"end":{"line":19,"column":3}}],"line":11},"1":{"loc":{"start":{"line":20,"column":2},"end":{"line":25,"column":3}},"type":"if","locations":[{"start":{"line":20,"column":2},"end":{"line":25,"column":3}},{"start":{"line":20,"column":2},"end":{"line":25,"column":3}}],"line":20},"2":{"loc":{"start":{"line":26,"column":2},"end":{"line":31,"column":3}},"type":"if","locations":[{"start":{"line":26,"column":2},"end":{"line":31,"column":3}},{"start":{"line":26,"column":2},"end":{"line":31,"column":3}}],"line":26},"3":{"loc":{"start":{"line":33,"column":2},"end":{"line":38,"column":3}},"type":"if","locations":[{"start":{"line":33,"column":2},"end":{"line":38,"column":3}},{"start":{"line":33,"column":2},"end":{"line":38,"column":3}}],"line":33}},"s":{"0":3,"1":3,"2":3,"3":17,"4":17,"5":4,"6":4,"7":17,"8":5,"9":5,"10":17,"11":4,"12":4,"13":17,"14":5,"15":5,"16":17,"17":3},"f":{"0":17},"b":{"0":[4,13],"1":[5,12],"2":[4,13],"3":[5,12]},"_coverageSchema":"1a1c01bbd47fc00a2c39e90264f33305004495a9","hash":"52d9a2f06dafebf6a7d8c2fdddd1b3ee57d3c333"}
,"/home/sushila/projects/authentication-node/src/utils/validations.js": {"path":"/home/sushila/projects/authentication-node/src/utils/validations.js","statementMap":{"0":{"start":{"line":1,"column":20},"end":{"line":6,"column":1}},"1":{"start":{"line":2,"column":2},"end":{"line":4,"column":3}},"2":{"start":{"line":3,"column":4},"end":{"line":3,"column":17}},"3":{"start":{"line":5,"column":2},"end":{"line":5,"column":14}},"4":{"start":{"line":8,"column":19},"end":{"line":10,"column":1}},"5":{"start":{"line":9,"column":2},"end":{"line":9,"column":50}},"6":{"start":{"line":12,"column":26},"end":{"line":14,"column":1}},"7":{"start":{"line":13,"column":2},"end":{"line":13,"column":27}},"8":{"start":{"line":16,"column":0},"end":{"line":20,"column":2}}},"fnMap":{"0":{"name":"(anonymous_0)","decl":{"start":{"line":1,"column":20},"end":{"line":1,"column":21}},"loc":{"start":{"line":1,"column":29},"end":{"line":6,"column":1}},"line":1},"1":{"name":"(anonymous_1)","decl":{"start":{"line":8,"column":19},"end":{"line":8,"column":20}},"loc":{"start":{"line":8,"column":30},"end":{"line":10,"column":1}},"line":8},"2":{"name":"(anonymous_2)","decl":{"start":{"line":12,"column":26},"end":{"line":12,"column":27}},"loc":{"start":{"line":12,"column":40},"end":{"line":14,"column":1}},"line":12}},"branchMap":{"0":{"loc":{"start":{"line":2,"column":2},"end":{"line":4,"column":3}},"type":"if","locations":[{"start":{"line":2,"column":2},"end":{"line":4,"column":3}},{"start":{"line":2,"column":2},"end":{"line":4,"column":3}}],"line":2},"1":{"loc":{"start":{"line":2,"column":6},"end":{"line":2,"column":24}},"type":"binary-expr","locations":[{"start":{"line":2,"column":6},"end":{"line":2,"column":10}},{"start":{"line":2,"column":14},"end":{"line":2,"column":24}}],"line":2}},"s":{"0":4,"1":37,"2":10,"3":27,"4":4,"5":28,"6":4,"7":24,"8":4},"f":{"0":37,"1":28,"2":24},"b":{"0":[10,27],"1":[37,27]},"_coverageSchema":"1a1c01bbd47fc00a2c39e90264f33305004495a9","hash":"36e976a400f50db5603dcf752f4c8f1f5bcde0be"}
}
