TN:
SF:src/config/app.config.js
FNF:0
FNH:0
DA:1,2
DA:2,2
DA:3,2
DA:5,2
DA:7,2
DA:9,2
DA:11,2
DA:13,2
LF:8
LH:8
BRF:0
BRH:0
end_of_record
TN:
SF:src/config/db.config.js
FN:3,(anonymous_0)
FNF:1
FNH:1
FNDA:2,(anonymous_0)
DA:1,2
DA:3,2
DA:4,2
DA:12,2
LF:4
LH:4
BRF:0
BRH:0
end_of_record
TN:
SF:src/config/envVars.config.js
FNF:0
FNH:0
DA:1,2
DA:3,2
DA:10,2
LF:3
LH:3
BRF:0
BRH:0
end_of_record
TN:
SF:src/routes/index.js
FN:5,(anonymous_0)
FNF:1
FNH:1
FNDA:1,(anonymous_0)
DA:1,2
DA:2,2
DA:3,2
DA:5,2
DA:6,1
DA:9,2
DA:11,2
LF:7
LH:7
BRF:0
BRH:0
end_of_record
TN:
SF:src/user/index.js
FNF:0
FNH:0
DA:1,2
DA:2,2
DA:3,2
DA:5,2
LF:4
LH:4
BRF:0
BRH:0
end_of_record
TN:
SF:src/user/user.constraints.js
FNF:0
FNH:0
DA:1,4
DA:9,4
LF:2
LH:2
BRF:0
BRH:0
end_of_record
TN:
SF:src/user/user.controller.js
FN:10,(anonymous_0)
FN:36,(anonymous_1)
FNF:2
FNH:2
FNDA:9,(anonymous_0)
FNDA:4,(anonymous_1)
DA:4,2
DA:5,2
DA:6,2
DA:7,2
DA:9,2
DA:11,9
DA:12,9
DA:13,9
DA:14,4
DA:19,5
DA:20,5
DA:21,4
DA:26,1
DA:27,1
DA:32,0
DA:37,4
DA:38,4
DA:40,4
DA:41,1
DA:44,3
DA:45,3
DA:47,1
DA:54,2
DA:55,2
DA:57,0
DA:62,2
LF:26
LH:24
BRDA:13,0,0,4
BRDA:13,0,1,5
BRDA:26,1,0,1
BRDA:26,1,1,0
BRDA:40,2,0,1
BRDA:40,2,1,3
BRDA:49,3,0,1
BRDA:49,3,1,1
BRDA:50,4,0,1
BRDA:50,4,1,1
BRDA:51,5,0,1
BRDA:51,5,1,1
BRDA:54,6,0,2
BRDA:54,6,1,0
BRF:14
BRH:12
end_of_record
TN:
SF:src/user/user.model.js
FN:11,(anonymous_0)
FN:21,(anonymous_1)
FNF:2
FNH:2
FNDA:5,(anonymous_0)
FNDA:5,(anonymous_1)
DA:1,2
DA:2,2
DA:3,2
DA:5,2
DA:12,5
DA:22,5
DA:64,2
DA:66,2
LF:8
LH:8
BRF:0
BRH:0
end_of_record
TN:
SF:src/user/user.route.js
FNF:0
FNH:0
DA:1,2
DA:2,2
DA:3,2
DA:5,2
DA:7,2
DA:9,2
LF:6
LH:6
BRF:0
BRH:0
end_of_record
TN:
SF:src/user/user.service.js
FN:4,(anonymous_0)
FN:9,(anonymous_1)
FN:37,(anonymous_2)
FNF:3
FNH:3
FNDA:4,(anonymous_0)
FNDA:7,(anonymous_1)
FNDA:3,(anonymous_2)
DA:1,3
DA:5,4
DA:6,4
DA:10,7
DA:11,7
DA:12,7
DA:13,7
DA:14,2
DA:15,2
DA:16,2
DA:19,5
DA:21,5
DA:31,5
DA:33,2
DA:38,3
DA:39,3
DA:40,3
DA:41,1
DA:42,1
DA:43,1
DA:46,2
DA:51,2
DA:52,1
DA:53,1
DA:54,1
DA:57,1
DA:59,2
DA:64,3
LF:28
LH:28
BRDA:13,0,0,2
BRDA:13,0,1,5
BRDA:40,1,0,1
BRDA:40,1,1,2
BRDA:51,2,0,1
BRDA:51,2,1,1
BRF:6
BRH:6
end_of_record
TN:
SF:src/user/user.utils.js
FN:5,(anonymous_0)
FN:10,(anonymous_1)
FNF:2
FNH:2
FNDA:5,(anonymous_0)
FNDA:2,(anonymous_1)
DA:1,2
DA:2,2
DA:4,2
DA:6,5
DA:7,5
DA:11,2
DA:15,2
LF:7
LH:7
BRF:0
BRH:0
end_of_record
TN:
SF:src/user/user.validation.js
FN:9,(anonymous_0)
FNF:1
FNH:1
FNDA:17,(anonymous_0)
DA:5,3
DA:7,3
DA:9,3
DA:10,17
DA:11,17
DA:12,4
DA:18,4
DA:20,17
DA:21,5
DA:24,5
DA:26,17
DA:27,4
DA:30,4
DA:33,17
DA:34,5
DA:37,5
DA:39,17
DA:44,3
LF:18
LH:18
BRDA:11,0,0,4
BRDA:11,0,1,13
BRDA:20,1,0,5
BRDA:20,1,1,12
BRDA:26,2,0,4
BRDA:26,2,1,13
BRDA:33,3,0,5
BRDA:33,3,1,12
BRF:8
BRH:8
end_of_record
TN:
SF:src/utils/validations.js
FN:1,(anonymous_0)
FN:8,(anonymous_1)
FN:12,(anonymous_2)
FNF:3
FNH:3
FNDA:37,(anonymous_0)
FNDA:23,(anonymous_1)
FNDA:19,(anonymous_2)
DA:1,4
DA:2,37
DA:3,10
DA:5,27
DA:8,4
DA:9,23
DA:12,4
DA:13,19
DA:16,4
LF:9
LH:9
BRDA:2,0,0,10
BRDA:2,0,1,27
BRDA:2,1,0,37
BRDA:2,1,1,27
BRF:4
BRH:4
end_of_record
