TN:
SF:src/config/app.config.js
FNF:0
FNH:0
DA:1,2
DA:2,2
DA:3,2
DA:5,2
DA:7,2
DA:9,2
DA:11,2
DA:13,2
LF:8
LH:8
BRF:0
BRH:0
end_of_record
TN:
SF:src/config/db.config.js
FN:3,(anonymous_0)
FNF:1
FNH:1
FNDA:2,(anonymous_0)
DA:1,2
DA:3,2
DA:4,2
DA:12,2
LF:4
LH:4
BRF:0
BRH:0
end_of_record
TN:
SF:src/config/envVars.config.js
FNF:0
FNH:0
DA:1,2
DA:3,2
DA:10,2
LF:3
LH:3
BRF:0
BRH:0
end_of_record
TN:
SF:src/routes/index.js
FN:5,(anonymous_0)
FNF:1
FNH:1
FNDA:1,(anonymous_0)
DA:1,2
DA:2,2
DA:3,2
DA:5,2
DA:6,1
DA:9,2
DA:11,2
LF:7
LH:7
BRF:0
BRH:0
end_of_record
TN:
SF:src/user/index.js
FNF:0
FNH:0
DA:1,2
DA:2,2
DA:3,2
DA:4,2
DA:6,2
LF:5
LH:5
BRF:0
BRH:0
end_of_record
TN:
SF:src/user/user.constraints.js
FNF:0
FNH:0
DA:1,4
DA:10,4
LF:2
LH:2
BRF:0
BRH:0
end_of_record
TN:
SF:src/user/user.controller.js
FN:14,(anonymous_0)
FN:43,(anonymous_1)
FN:60,(anonymous_2)
FNF:3
FNH:3
FNDA:9,(anonymous_0)
FNDA:4,(anonymous_1)
FNDA:3,(anonymous_2)
DA:5,2
DA:6,2
DA:7,2
DA:8,2
DA:9,2
DA:10,2
DA:11,2
DA:13,2
DA:15,9
DA:16,9
DA:17,9
DA:18,4
DA:23,5
DA:24,5
DA:28,4
DA:33,1
DA:34,1
DA:39,0
DA:44,4
DA:45,4
DA:46,4
DA:47,1
DA:49,3
DA:50,3
DA:51,1
DA:53,2
DA:54,2
DA:56,0
DA:61,3
DA:62,3
DA:64,3
DA:65,1
DA:71,2
DA:72,2
DA:74,1
DA:78,1
DA:79,1
DA:83,0
DA:88,2
LF:39
LH:36
BRDA:17,0,0,4
BRDA:17,0,1,5
BRDA:33,1,0,1
BRDA:33,1,1,0
BRDA:46,2,0,1
BRDA:46,2,1,3
BRDA:53,3,0,2
BRDA:53,3,1,0
BRDA:64,4,0,1
BRDA:64,4,1,2
BRDA:78,5,0,1
BRDA:78,5,1,0
BRF:12
BRH:9
end_of_record
TN:
SF:src/user/user.model.js
FN:11,(anonymous_0)
FN:21,(anonymous_1)
FNF:2
FNH:2
FNDA:5,(anonymous_0)
FNDA:5,(anonymous_1)
DA:1,2
DA:2,2
DA:3,2
DA:4,2
DA:5,2
DA:12,5
DA:22,5
DA:68,2
DA:70,2
LF:9
LH:9
BRF:0
BRH:0
end_of_record
TN:
SF:src/user/user.route.js
FNF:0
FNH:0
DA:1,2
DA:2,2
DA:3,2
DA:5,2
DA:7,2
DA:9,2
DA:11,2
LF:7
LH:7
BRF:0
BRH:0
end_of_record
TN:
SF:src/user/user.service.js
FN:4,(anonymous_0)
FN:10,(anonymous_1)
FN:38,(anonymous_2)
FN:69,(anonymous_3)
FNF:4
FNH:4
FNDA:6,(anonymous_0)
FNDA:7,(anonymous_1)
FNDA:3,(anonymous_2)
FNDA:4,(anonymous_3)
DA:1,3
DA:5,6
DA:6,6
DA:7,6
DA:11,7
DA:12,7
DA:13,7
DA:14,7
DA:15,2
DA:16,2
DA:17,2
DA:20,5
DA:22,5
DA:32,5
DA:34,2
DA:39,3
DA:40,3
DA:41,3
DA:42,1
DA:43,1
DA:44,1
DA:47,2
DA:52,2
DA:53,1
DA:54,1
DA:55,1
DA:58,1
DA:65,2
DA:70,4
DA:71,4
DA:72,4
DA:73,2
DA:74,2
DA:75,2
DA:76,2
DA:79,2
DA:81,2
DA:83,2
DA:85,2
DA:90,3
LF:40
LH:40
BRDA:14,0,0,2
BRDA:14,0,1,5
BRDA:41,1,0,1
BRDA:41,1,1,2
BRDA:52,2,0,1
BRDA:52,2,1,1
BRDA:60,3,0,1
BRDA:60,3,1,1
BRDA:61,4,0,1
BRDA:61,4,1,1
BRDA:62,5,0,1
BRDA:62,5,1,1
BRDA:72,6,0,2
BRDA:72,6,1,2
BRF:14
BRH:14
end_of_record
TN:
SF:src/user/user.utils.js
FN:5,(anonymous_0)
FN:10,(anonymous_1)
FNF:2
FNH:2
FNDA:5,(anonymous_0)
FNDA:2,(anonymous_1)
DA:1,2
DA:2,2
DA:4,2
DA:6,5
DA:7,5
DA:11,2
DA:15,2
LF:7
LH:7
BRF:0
BRH:0
end_of_record
TN:
SF:src/user/user.validation.js
FN:9,(anonymous_0)
FN:44,(anonymous_1)
FNF:2
FNH:2
FNDA:17,(anonymous_0)
FNDA:3,(anonymous_1)
DA:5,3
DA:7,3
DA:9,3
DA:10,17
DA:11,17
DA:12,4
DA:18,4
DA:20,17
DA:21,5
DA:24,5
DA:26,17
DA:27,4
DA:30,4
DA:33,17
DA:34,5
DA:37,5
DA:39,17
DA:44,3
DA:45,3
DA:47,3
DA:48,1
DA:52,1
DA:55,3
DA:58,3
LF:24
LH:24
BRDA:11,0,0,4
BRDA:11,0,1,13
BRDA:20,1,0,5
BRDA:20,1,1,12
BRDA:26,2,0,4
BRDA:26,2,1,13
BRDA:33,3,0,5
BRDA:33,3,1,12
BRDA:47,4,0,1
BRDA:47,4,1,2
BRF:10
BRH:10
end_of_record
TN:
SF:src/utils/token.js
FN:3,(anonymous_0)
FNF:1
FNH:1
FNDA:1,(anonymous_0)
DA:1,2
DA:3,2
DA:4,1
DA:7,2
LF:4
LH:4
BRF:0
BRH:0
end_of_record
TN:
SF:src/utils/validations.js
FN:1,(anonymous_0)
FN:8,(anonymous_1)
FN:12,(anonymous_2)
FNF:3
FNH:3
FNDA:37,(anonymous_0)
FNDA:31,(anonymous_1)
FNDA:24,(anonymous_2)
DA:1,4
DA:2,37
DA:3,10
DA:5,27
DA:8,4
DA:9,31
DA:12,4
DA:13,24
DA:16,4
LF:9
LH:9
BRDA:2,0,0,10
BRDA:2,0,1,27
BRDA:2,1,0,37
BRDA:2,1,1,27
BRF:4
BRH:4
end_of_record
